using device: cuda
flat_metadata_index | path=artifacts/wiki2m_hf16k/pretokenized_shards_50k | shards=40 | workers=8
flat_metadata_ok | path=artifacts/wiki2m_hf16k/pretokenized_shards_50k | shards=40
loaded_pretokenized_dir | path=artifacts/wiki2m_hf16k/pretokenized_shards_50k | documents=2,000,000 | tokenizer=hf_auto
startup | split_train_val_flat_done
startup | summarize_flat_buckets_done
startup | estimate_steps_flat_done
startup | fixed_eval_documents_flat_done
startup | fixed_eval_sample_documents_flat_done
startup | batcher_done
startup | prebuild_train_batches_start | pin_memory=True | workers=8 | worker_threads=2
prebuild_process_start | workers=8 | worker_threads=2 | steps=7292 | tasks=128 | chunk_size=57 | batch_size=512 | pin_memory=True | cache_dir=<shared-ram-index>
flat_metadata_index | path=artifacts/wiki2m_hf16k/pretokenized_shards_50k | shards=40 | workers=1
flat_metadata_index | path=artifacts/wiki2m_hf16k/pretokenized_shards_50k | shards=40 | workers=1
flat_metadata_index | path=artifacts/wiki2m_hf16k/pretokenized_shards_50k | shards=40 | workers=1
flat_metadata_index | path=artifacts/wiki2m_hf16k/pretokenized_shards_50k | shards=40 | workers=1
flat_metadata_index | path=artifacts/wiki2m_hf16k/pretokenized_shards_50k | shards=40 | workers=1
flat_metadata_index | path=artifacts/wiki2m_hf16k/pretokenized_shards_50k | shards=40 | workers=1
flat_metadata_index | path=artifacts/wiki2m_hf16k/pretokenized_shards_50k | shards=40 | workers=1
flat_metadata_index | path=artifacts/wiki2m_hf16k/pretokenized_shards_50k | shards=40 | workers=1
flat_metadata_ok | path=artifacts/wiki2m_hf16k/pretokenized_shards_50k | shards=40
flat_metadata_ok | path=artifacts/wiki2m_hf16k/pretokenized_shards_50k | shards=40
flat_metadata_ok | path=artifacts/wiki2m_hf16k/pretokenized_shards_50k | shards=40
flat_metadata_ok | path=artifacts/wiki2m_hf16k/pretokenized_shards_50k | shards=40
flat_metadata_ok | path=artifacts/wiki2m_hf16k/pretokenized_shards_50k | shards=40
flat_metadata_ok | path=artifacts/wiki2m_hf16k/pretokenized_shards_50k | shards=40
flat_metadata_ok | path=artifacts/wiki2m_hf16k/pretokenized_shards_50k | shards=40
flat_metadata_ok | path=artifacts/wiki2m_hf16k/pretokenized_shards_50k | shards=40
prebuild_worker_progress | task=0 | batches=1/57 | elapsed=0.0s
prebuild_worker_progress | task=0 | batches=8/57 | elapsed=0.1s
prebuild_worker_progress | task=0 | batches=16/57 | elapsed=0.1s
prebuild_worker_progress | task=0 | batches=24/57 | elapsed=0.2s
prebuild_worker_progress | task=4 | batches=1/57 | elapsed=0.0s
prebuild_worker_progress | task=4 | batches=8/57 | elapsed=0.0s
prebuild_worker_progress | task=0 | batches=32/57 | elapsed=0.2s
prebuild_worker_progress | task=1 | batches=1/57 | elapsed=0.0s
prebuild_worker_progress | task=2 | batches=1/57 | elapsed=0.0s
prebuild_worker_progress | task=4 | batches=16/57 | elapsed=0.1sprebuild_worker_progress | task=1 | batches=8/57 | elapsed=0.0s

prebuild_worker_progress | task=3 | batches=1/57 | elapsed=0.0s
prebuild_worker_progress | task=0 | batches=40/57 | elapsed=0.2s
prebuild_worker_progress | task=2 | batches=8/57 | elapsed=0.0s
prebuild_worker_progress | task=3 | batches=8/57 | elapsed=0.0s
prebuild_worker_progress | task=1 | batches=16/57 | elapsed=0.1s
prebuild_worker_progress | task=0 | batches=48/57 | elapsed=0.3s
prebuild_worker_progress | task=7 | batches=1/57 | elapsed=0.0s
prebuild_worker_progress | task=2 | batches=16/57 | elapsed=0.1s
prebuild_worker_progress | task=3 | batches=16/57 | elapsed=0.1s
prebuild_worker_progress | task=0 | batches=56/57 | elapsed=0.3s
prebuild_worker_progress | task=5 | batches=1/57 | elapsed=0.0s
prebuild_worker_progress | task=0 | batches=57/57 | elapsed=0.3s
prebuild_worker_progress | task=7 | batches=8/57 | elapsed=0.0s
prebuild_worker_progress | task=8 | batches=1/57 | elapsed=0.0s
prebuild_worker_progress | task=5 | batches=8/57 | elapsed=0.0s
prebuild_worker_progress | task=8 | batches=8/57 | elapsed=0.0s
prebuild_worker_progress | task=7 | batches=16/57 | elapsed=0.1s
prebuild_worker_progress | task=5 | batches=16/57 | elapsed=0.1s
prebuild_worker_progress | task=4 | batches=24/57 | elapsed=0.2s
prebuild_worker_progress | task=8 | batches=16/57 | elapsed=0.1s
prebuild_worker_progress | task=1 | batches=24/57 | elapsed=0.2s
prebuild_worker_progress | task=4 | batches=32/57 | elapsed=0.2s
prebuild_worker_progress | task=8 | batches=24/57 | elapsed=0.1s
prebuild_worker_progress | task=2 | batches=24/57 | elapsed=0.2s
prebuild_worker_progress | task=1 | batches=32/57 | elapsed=0.2s
prebuild_worker_progress | task=3 | batches=24/57 | elapsed=0.2s
prebuild_worker_progress | task=4 | batches=40/57 | elapsed=0.2s
prebuild_worker_progress | task=8 | batches=32/57 | elapsed=0.1s
prebuild_worker_progress | task=2 | batches=32/57 | elapsed=0.2s
prebuild_worker_progress | task=1 | batches=40/57 | elapsed=0.2s
prebuild_worker_progress | task=4 | batches=48/57 | elapsed=0.3s
prebuild_worker_progress | task=3 | batches=32/57 | elapsed=0.2s
prebuild_worker_progress | task=8 | batches=40/57 | elapsed=0.1s
prebuild_worker_progress | task=7 | batches=24/57 | elapsed=0.2s
prebuild_worker_progress | task=2 | batches=40/57 | elapsed=0.2s
prebuild_worker_progress | task=5 | batches=24/57 | elapsed=0.2s
prebuild_worker_progress | task=1 | batches=48/57 | elapsed=0.3s
prebuild_worker_progress | task=4 | batches=56/57 | elapsed=0.3s
prebuild_worker_progress | task=3 | batches=40/57 | elapsed=0.3s
prebuild_worker_progress | task=8 | batches=48/57 | elapsed=0.2s
prebuild_worker_progress | task=4 | batches=57/57 | elapsed=0.3s
prebuild_process_progress | tasks_done=1/128 | task=0 | task_batches=57 | batches=57 | elapsed=36.5s
prebuild_worker_progress | task=7 | batches=32/57 | elapsed=0.2s
prebuild_worker_progress | task=9 | batches=1/57 | elapsed=0.0s
prebuild_worker_progress | task=2 | batches=48/57 | elapsed=0.3s
prebuild_worker_progress | task=5 | batches=32/57 | elapsed=0.2s
prebuild_worker_progress | task=1 | batches=56/57 | elapsed=0.3s
prebuild_worker_progress | task=1 | batches=57/57 | elapsed=0.3s
prebuild_worker_progress | task=8 | batches=56/57 | elapsed=0.2s
prebuild_worker_progress | task=3 | batches=48/57 | elapsed=0.3s
prebuild_worker_progress | task=8 | batches=57/57 | elapsed=0.2s
prebuild_worker_progress | task=9 | batches=8/57 | elapsed=0.0s
prebuild_worker_progress | task=10 | batches=1/57 | elapsed=0.0s
prebuild_worker_progress | task=7 | batches=40/57 | elapsed=0.2s
prebuild_worker_progress | task=11 | batches=1/57 | elapsed=0.0s
prebuild_process_progress | tasks_done=2/128 | task=4 | task_batches=57 | batches=114 | elapsed=36.6s
prebuild_worker_progress | task=2 | batches=56/57 | elapsed=0.3s
prebuild_process_progress | tasks_done=3/128 | task=1 | task_batches=57 | batches=171 | elapsed=36.6s
prebuild_process_progress | tasks_done=4/128 | task=8 | task_batches=57 | batches=228 | elapsed=36.6s
prebuild_worker_progress | task=2 | batches=57/57 | elapsed=0.3s
prebuild_worker_progress | task=5 | batches=40/57 | elapsed=0.2s
prebuild_process_progress | tasks_done=5/128 | task=2 | task_batches=57 | batches=285 | elapsed=36.6s
prebuild_worker_progress | task=12 | batches=1/57 | elapsed=0.0s
prebuild_worker_progress | task=10 | batches=8/57 | elapsed=0.0s
prebuild_worker_progress | task=3 | batches=56/57 | elapsed=0.3s
prebuild_worker_progress | task=3 | batches=57/57 | elapsed=0.3s
prebuild_worker_progress | task=11 | batches=8/57 | elapsed=0.0s
prebuild_worker_progress | task=9 | batches=16/57 | elapsed=0.1s
prebuild_worker_progress | task=7 | batches=48/57 | elapsed=0.3s
prebuild_process_progress | tasks_done=6/128 | task=3 | task_batches=57 | batches=342 | elapsed=36.6s
prebuild_worker_progress | task=13 | batches=1/57 | elapsed=0.0s
prebuild_worker_progress | task=5 | batches=48/57 | elapsed=0.3s
prebuild_worker_progress | task=12 | batches=8/57 | elapsed=0.0s
prebuild_worker_progress | task=10 | batches=16/57 | elapsed=0.1s
prebuild_worker_progress | task=11 | batches=16/57 | elapsed=0.1s
prebuild_worker_progress | task=9 | batches=24/57 | elapsed=0.1s
prebuild_worker_progress | task=7 | batches=56/57 | elapsed=0.3s
prebuild_worker_progress | task=13 | batches=8/57 | elapsed=0.0s
prebuild_worker_progress | task=7 | batches=57/57 | elapsed=0.3s
prebuild_process_progress | tasks_done=7/128 | task=7 | task_batches=57 | batches=399 | elapsed=36.6s
prebuild_worker_progress | task=14 | batches=1/57 | elapsed=0.0s
prebuild_worker_progress | task=5 | batches=56/57 | elapsed=0.3s
prebuild_worker_progress | task=5 | batches=57/57 | elapsed=0.3s
prebuild_worker_progress | task=12 | batches=16/57 | elapsed=0.1s
prebuild_process_progress | tasks_done=8/128 | task=5 | task_batches=57 | batches=456 | elapsed=36.6s
prebuild_worker_progress | task=6 | batches=1/57 | elapsed=0.0s
prebuild_worker_progress | task=10 | batches=24/57 | elapsed=0.1s
prebuild_worker_progress | task=15 | batches=1/57 | elapsed=0.0s
prebuild_worker_progress | task=11 | batches=24/57 | elapsed=0.1s
prebuild_worker_progress | task=9 | batches=32/57 | elapsed=0.1s
prebuild_worker_progress | task=13 | batches=16/57 | elapsed=0.1s
prebuild_worker_progress | task=14 | batches=8/57 | elapsed=0.0s
prebuild_worker_progress | task=6 | batches=8/57 | elapsed=0.1s
prebuild_worker_progress | task=15 | batches=8/57 | elapsed=0.0s
prebuild_worker_progress | task=12 | batches=24/57 | elapsed=0.1s
prebuild_worker_progress | task=10 | batches=32/57 | elapsed=0.1s
prebuild_worker_progress | task=11 | batches=32/57 | elapsed=0.1s
prebuild_worker_progress | task=9 | batches=40/57 | elapsed=0.1s
prebuild_worker_progress | task=14 | batches=16/57 | elapsed=0.1s
prebuild_worker_progress | task=13 | batches=24/57 | elapsed=0.1s
prebuild_worker_progress | task=6 | batches=16/57 | elapsed=0.1s
prebuild_worker_progress | task=15 | batches=16/57 | elapsed=0.1s
prebuild_worker_progress | task=12 | batches=32/57 | elapsed=0.1s
prebuild_worker_progress | task=10 | batches=40/57 | elapsed=0.1s
prebuild_worker_progress | task=11 | batches=40/57 | elapsed=0.1s
prebuild_worker_progress | task=9 | batches=48/57 | elapsed=0.2s
prebuild_worker_progress | task=14 | batches=24/57 | elapsed=0.1s
prebuild_worker_progress | task=13 | batches=32/57 | elapsed=0.1s
prebuild_worker_progress | task=15 | batches=24/57 | elapsed=0.1s
prebuild_worker_progress | task=12 | batches=40/57 | elapsed=0.1s
prebuild_worker_progress | task=10 | batches=48/57 | elapsed=0.2s
prebuild_worker_progress | task=11 | batches=48/57 | elapsed=0.2s
prebuild_worker_progress | task=9 | batches=56/57 | elapsed=0.2s
prebuild_worker_progress | task=14 | batches=32/57 | elapsed=0.1s
prebuild_worker_progress | task=9 | batches=57/57 | elapsed=0.2s
prebuild_process_progress | tasks_done=9/128 | task=9 | task_batches=57 | batches=513 | elapsed=36.7s
prebuild_worker_progress | task=13 | batches=40/57 | elapsed=0.1s
prebuild_worker_progress | task=16 | batches=1/57 | elapsed=0.0s
prebuild_worker_progress | task=15 | batches=32/57 | elapsed=0.1s
prebuild_worker_progress | task=12 | batches=48/57 | elapsed=0.2s
prebuild_worker_progress | task=10 | batches=56/57 | elapsed=0.2s
prebuild_worker_progress | task=11 | batches=56/57 | elapsed=0.2s
prebuild_worker_progress | task=10 | batches=57/57 | elapsed=0.2s
prebuild_worker_progress | task=11 | batches=57/57 | elapsed=0.2s
prebuild_process_progress | tasks_done=10/128 | task=10 | task_batches=57 | batches=570 | elapsed=36.7s
prebuild_worker_progress | task=17 | batches=1/57 | elapsed=0.0s
prebuild_process_progress | tasks_done=11/128 | task=11 | task_batches=57 | batches=627 | elapsed=36.7s
prebuild_worker_progress | task=14 | batches=40/57 | elapsed=0.1s
prebuild_worker_progress | task=18 | batches=1/57 | elapsed=0.0s
prebuild_worker_progress | task=16 | batches=8/57 | elapsed=0.0s
prebuild_worker_progress | task=13 | batches=48/57 | elapsed=0.2s
prebuild_worker_progress | task=15 | batches=40/57 | elapsed=0.1s
prebuild_worker_progress | task=12 | batches=56/57 | elapsed=0.2s
prebuild_worker_progress | task=17 | batches=8/57 | elapsed=0.0s
prebuild_worker_progress | task=12 | batches=57/57 | elapsed=0.2s
prebuild_process_progress | tasks_done=12/128 | task=12 | task_batches=57 | batches=684 | elapsed=36.8s
prebuild_worker_progress | task=18 | batches=8/57 | elapsed=0.0s
prebuild_worker_progress | task=14 | batches=48/57 | elapsed=0.2s
prebuild_worker_progress | task=19 | batches=1/57 | elapsed=0.0s
prebuild_worker_progress | task=16 | batches=16/57 | elapsed=0.1s
prebuild_worker_progress | task=13 | batches=56/57 | elapsed=0.2s
prebuild_worker_progress | task=6 | batches=24/57 | elapsed=0.2s
prebuild_worker_progress | task=15 | batches=48/57 | elapsed=0.2s
prebuild_worker_progress | task=13 | batches=57/57 | elapsed=0.2s
prebuild_process_progress | tasks_done=13/128 | task=13 | task_batches=57 | batches=741 | elapsed=36.8s
prebuild_worker_progress | task=20 | batches=1/57 | elapsed=0.0s
prebuild_worker_progress | task=17 | batches=16/57 | elapsed=0.1s
prebuild_worker_progress | task=19 | batches=8/57 | elapsed=0.0s
prebuild_worker_progress | task=18 | batches=16/57 | elapsed=0.1s
prebuild_worker_progress | task=14 | batches=56/57 | elapsed=0.2s
prebuild_worker_progress | task=14 | batches=57/57 | elapsed=0.2s
prebuild_process_progress | tasks_done=14/128 | task=14 | task_batches=57 | batches=798 | elapsed=36.8s
prebuild_worker_progress | task=21 | batches=1/57 | elapsed=0.0s
prebuild_worker_progress | task=16 | batches=24/57 | elapsed=0.1s
prebuild_worker_progress | task=6 | batches=32/57 | elapsed=0.2s
prebuild_worker_progress | task=15 | batches=56/57 | elapsed=0.2s
prebuild_worker_progress | task=15 | batches=57/57 | elapsed=0.2s
prebuild_worker_progress | task=20 | batches=8/57 | elapsed=0.0s
prebuild_worker_progress | task=17 | batches=24/57 | elapsed=0.1s
prebuild_process_progress | tasks_done=15/128 | task=15 | task_batches=57 | batches=855 | elapsed=36.8s
prebuild_worker_progress | task=22 | batches=1/57 | elapsed=0.0s
prebuild_worker_progress | task=19 | batches=16/57 | elapsed=0.1s
prebuild_worker_progress | task=18 | batches=24/57 | elapsed=0.1s
prebuild_worker_progress | task=21 | batches=8/57 | elapsed=0.0s
prebuild_worker_progress | task=16 | batches=32/57 | elapsed=0.1s
prebuild_worker_progress | task=6 | batches=40/57 | elapsed=0.2s
prebuild_worker_progress | task=22 | batches=8/57 | elapsed=0.0s
prebuild_worker_progress | task=20 | batches=16/57 | elapsed=0.1s
prebuild_worker_progress | task=17 | batches=32/57 | elapsed=0.1s
prebuild_worker_progress | task=19 | batches=24/57 | elapsed=0.1s
prebuild_worker_progress | task=18 | batches=32/57 | elapsed=0.1s
prebuild_worker_progress | task=21 | batches=16/57 | elapsed=0.1s
prebuild_worker_progress | task=16 | batches=40/57 | elapsed=0.1s
prebuild_worker_progress | task=6 | batches=48/57 | elapsed=0.3s
prebuild_worker_progress | task=22 | batches=16/57 | elapsed=0.1s
prebuild_worker_progress | task=17 | batches=40/57 | elapsed=0.1s
prebuild_worker_progress | task=20 | batches=24/57 | elapsed=0.1s
prebuild_worker_progress | task=19 | batches=32/57 | elapsed=0.1s
prebuild_worker_progress | task=18 | batches=40/57 | elapsed=0.1s
prebuild_worker_progress | task=21 | batches=24/57 | elapsed=0.1s
prebuild_worker_progress | task=16 | batches=48/57 | elapsed=0.2s
prebuild_worker_progress | task=6 | batches=56/57 | elapsed=0.3s
prebuild_worker_progress | task=6 | batches=57/57 | elapsed=0.3s
prebuild_worker_progress | task=22 | batches=24/57 | elapsed=0.1s
prebuild_worker_progress | task=17 | batches=48/57 | elapsed=0.2s
prebuild_process_progress | tasks_done=16/128 | task=6 | task_batches=57 | batches=912 | elapsed=36.9s
prebuild_worker_progress | task=20 | batches=32/57 | elapsed=0.1s
prebuild_worker_progress | task=23 | batches=1/57 | elapsed=0.0s
prebuild_worker_progress | task=19 | batches=40/57 | elapsed=0.1s
prebuild_worker_progress | task=18 | batches=48/57 | elapsed=0.2s
prebuild_worker_progress | task=21 | batches=32/57 | elapsed=0.1s
prebuild_worker_progress | task=16 | batches=56/57 | elapsed=0.2s
prebuild_worker_progress | task=17 | batches=56/57 | elapsed=0.2s
prebuild_worker_progress | task=22 | batches=32/57 | elapsed=0.1s
prebuild_worker_progress | task=16 | batches=57/57 | elapsed=0.2s
prebuild_process_progress | tasks_done=17/128 | task=16 | task_batches=57 | batches=969 | elapsed=36.9s
prebuild_worker_progress | task=17 | batches=57/57 | elapsed=0.2s
prebuild_worker_progress | task=23 | batches=8/57 | elapsed=0.0s
prebuild_worker_progress | task=20 | batches=40/57 | elapsed=0.1s
prebuild_worker_progress | task=24 | batches=1/57 | elapsed=0.0s
prebuild_worker_progress | task=25 | batches=1/57 | elapsed=0.0s
prebuild_worker_progress | task=18 | batches=56/57 | elapsed=0.2s
prebuild_worker_progress | task=19 | batches=48/57 | elapsed=0.2s
prebuild_worker_progress | task=18 | batches=57/57 | elapsed=0.2s
prebuild_worker_progress | task=21 | batches=40/57 | elapsed=0.1s
prebuild_worker_progress | task=26 | batches=1/57 | elapsed=0.0s
prebuild_worker_progress | task=22 | batches=40/57 | elapsed=0.1s
prebuild_worker_progress | task=24 | batches=8/57 | elapsed=0.0s
prebuild_worker_progress | task=25 | batches=8/57 | elapsed=0.0s
prebuild_worker_progress | task=23 | batches=16/57 | elapsed=0.1s
prebuild_worker_progress | task=20 | batches=48/57 | elapsed=0.2s
prebuild_worker_progress | task=19 | batches=56/57 | elapsed=0.2s
prebuild_worker_progress | task=19 | batches=57/57 | elapsed=0.2s
prebuild_worker_progress | task=26 | batches=8/57 | elapsed=0.0s
prebuild_worker_progress | task=21 | batches=48/57 | elapsed=0.2s
prebuild_worker_progress | task=27 | batches=1/57 | elapsed=0.0s
prebuild_worker_progress | task=22 | batches=48/57 | elapsed=0.2s
prebuild_process_progress | tasks_done=18/128 | task=17 | task_batches=57 | batches=1026 | elapsed=37.0s
prebuild_process_progress | tasks_done=19/128 | task=18 | task_batches=57 | batches=1083 | elapsed=37.0s
prebuild_worker_progress | task=25 | batches=16/57 | elapsed=0.1s
prebuild_worker_progress | task=24 | batches=16/57 | elapsed=0.1s
prebuild_worker_progress | task=23 | batches=24/57 | elapsed=0.1s
prebuild_process_progress | tasks_done=20/128 | task=19 | task_batches=57 | batches=1140 | elapsed=37.0s
prebuild_worker_progress | task=20 | batches=56/57 | elapsed=0.2s
prebuild_worker_progress | task=20 | batches=57/57 | elapsed=0.2s
prebuild_worker_progress | task=26 | batches=16/57 | elapsed=0.1s
prebuild_worker_progress | task=21 | batches=56/57 | elapsed=0.2s
prebuild_process_progress | tasks_done=21/128 | task=20 | task_batches=57 | batches=1197 | elapsed=37.0s
prebuild_worker_progress | task=27 | batches=8/57 | elapsed=0.0s
prebuild_worker_progress | task=28 | batches=1/57 | elapsed=0.0s
prebuild_worker_progress | task=21 | batches=57/57 | elapsed=0.2s
prebuild_process_progress | tasks_done=22/128 | task=21 | task_batches=57 | batches=1254 | elapsed=37.0s
prebuild_worker_progress | task=29 | batches=1/57 | elapsed=0.0s
prebuild_worker_progress | task=22 | batches=56/57 | elapsed=0.2s
prebuild_worker_progress | task=25 | batches=24/57 | elapsed=0.1s
prebuild_worker_progress | task=22 | batches=57/57 | elapsed=0.2s
prebuild_worker_progress | task=23 | batches=32/57 | elapsed=0.1s
prebuild_worker_progress | task=24 | batches=24/57 | elapsed=0.1s
prebuild_process_progress | tasks_done=23/128 | task=22 | task_batches=57 | batches=1311 | elapsed=37.0s
prebuild_worker_progress | task=30 | batches=1/57 | elapsed=0.0s
prebuild_worker_progress | task=26 | batches=24/57 | elapsed=0.1s
prebuild_worker_progress | task=28 | batches=8/57 | elapsed=0.0s
prebuild_worker_progress | task=27 | batches=16/57 | elapsed=0.1s
prebuild_worker_progress | task=29 | batches=8/57 | elapsed=0.0s
prebuild_worker_progress | task=25 | batches=32/57 | elapsed=0.1s
prebuild_worker_progress | task=30 | batches=8/57 | elapsed=0.0s
prebuild_worker_progress | task=23 | batches=40/57 | elapsed=0.1s
prebuild_worker_progress | task=24 | batches=32/57 | elapsed=0.1s
prebuild_worker_progress | task=26 | batches=32/57 | elapsed=0.1s
prebuild_worker_progress | task=28 | batches=16/57 | elapsed=0.1s
prebuild_worker_progress | task=29 | batches=16/57 | elapsed=0.1s
prebuild_worker_progress | task=27 | batches=24/57 | elapsed=0.1s
prebuild_worker_progress | task=25 | batches=40/57 | elapsed=0.1s
prebuild_worker_progress | task=30 | batches=16/57 | elapsed=0.1s
prebuild_worker_progress | task=23 | batches=48/57 | elapsed=0.2s
prebuild_worker_progress | task=24 | batches=40/57 | elapsed=0.1s
prebuild_worker_progress | task=26 | batches=40/57 | elapsed=0.1s
prebuild_worker_progress | task=29 | batches=24/57 | elapsed=0.1s
prebuild_worker_progress | task=28 | batches=24/57 | elapsed=0.1s
prebuild_worker_progress | task=27 | batches=32/57 | elapsed=0.1s
prebuild_worker_progress | task=25 | batches=48/57 | elapsed=0.2s
prebuild_worker_progress | task=30 | batches=24/57 | elapsed=0.1s
prebuild_worker_progress | task=23 | batches=56/57 | elapsed=0.2s
prebuild_worker_progress | task=24 | batches=48/57 | elapsed=0.2s
prebuild_worker_progress | task=23 | batches=57/57 | elapsed=0.2s
prebuild_worker_progress | task=26 | batches=48/57 | elapsed=0.2s
prebuild_process_progress | tasks_done=24/128 | task=23 | task_batches=57 | batches=1368 | elapsed=37.1s
prebuild_worker_progress | task=31 | batches=1/57 | elapsed=0.0s
prebuild_worker_progress | task=29 | batches=32/57 | elapsed=0.1s
prebuild_worker_progress | task=28 | batches=32/57 | elapsed=0.1s
prebuild_worker_progress | task=27 | batches=40/57 | elapsed=0.1s
prebuild_worker_progress | task=25 | batches=56/57 | elapsed=0.2s
prebuild_worker_progress | task=25 | batches=57/57 | elapsed=0.2s
prebuild_worker_progress | task=30 | batches=32/57 | elapsed=0.1s
prebuild_process_progress | tasks_done=25/128 | task=25 | task_batches=57 | batches=1425 | elapsed=37.1s
prebuild_worker_progress | task=32 | batches=1/57 | elapsed=0.0s
prebuild_worker_progress | task=24 | batches=56/57 | elapsed=0.2s
prebuild_worker_progress | task=26 | batches=56/57 | elapsed=0.2s
prebuild_worker_progress | task=31 | batches=8/57 | elapsed=0.0s
prebuild_worker_progress | task=24 | batches=57/57 | elapsed=0.2s
prebuild_worker_progress | task=26 | batches=57/57 | elapsed=0.2s
prebuild_process_progress | tasks_done=26/128 | task=24 | task_batches=57 | batches=1482 | elapsed=37.1s
prebuild_worker_progress | task=29 | batches=40/57 | elapsed=0.1s
prebuild_worker_progress | task=33 | batches=1/57 | elapsed=0.0s
prebuild_process_progress | tasks_done=27/128 | task=26 | task_batches=57 | batches=1539 | elapsed=37.1s
prebuild_worker_progress | task=34 | batches=1/57 | elapsed=0.0s
prebuild_worker_progress | task=28 | batches=40/57 | elapsed=0.1s
prebuild_worker_progress | task=27 | batches=48/57 | elapsed=0.2s
prebuild_worker_progress | task=30 | batches=40/57 | elapsed=0.1s
prebuild_worker_progress | task=32 | batches=8/57 | elapsed=0.0s
prebuild_worker_progress | task=31 | batches=16/57 | elapsed=0.1s
prebuild_worker_progress | task=33 | batches=8/57 | elapsed=0.0s
prebuild_worker_progress | task=29 | batches=48/57 | elapsed=0.2s
prebuild_worker_progress | task=34 | batches=8/57 | elapsed=0.0s
prebuild_worker_progress | task=27 | batches=56/57 | elapsed=0.2s
prebuild_worker_progress | task=28 | batches=48/57 | elapsed=0.2s
prebuild_worker_progress | task=27 | batches=57/57 | elapsed=0.2s
prebuild_worker_progress | task=30 | batches=48/57 | elapsed=0.2s
prebuild_worker_progress | task=32 | batches=16/57 | elapsed=0.1s
prebuild_process_progress | tasks_done=28/128 | task=27 | task_batches=57 | batches=1596 | elapsed=37.2s
prebuild_worker_progress | task=35 | batches=1/57 | elapsed=0.0s
prebuild_worker_progress | task=31 | batches=24/57 | elapsed=0.1s
prebuild_worker_progress | task=33 | batches=16/57 | elapsed=0.1s
prebuild_worker_progress | task=29 | batches=56/57 | elapsed=0.2s
prebuild_worker_progress | task=34 | batches=16/57 | elapsed=0.1s
prebuild_worker_progress | task=29 | batches=57/57 | elapsed=0.2s
prebuild_process_progress | tasks_done=29/128 | task=29 | task_batches=57 | batches=1653 | elapsed=37.2s
prebuild_worker_progress | task=36 | batches=1/57 | elapsed=0.0s
prebuild_worker_progress | task=28 | batches=56/57 | elapsed=0.2s
prebuild_worker_progress | task=30 | batches=56/57 | elapsed=0.2s
prebuild_worker_progress | task=32 | batches=24/57 | elapsed=0.1s
prebuild_worker_progress | task=28 | batches=57/57 | elapsed=0.2s
prebuild_worker_progress | task=35 | batches=8/57 | elapsed=0.0s
prebuild_worker_progress | task=30 | batches=57/57 | elapsed=0.2s
prebuild_process_progress | tasks_done=30/128 | task=28 | task_batches=57 | batches=1710 | elapsed=37.2s
prebuild_process_progress | tasks_done=31/128 | task=30 | task_batches=57 | batches=1767 | elapsed=37.2s
prebuild_worker_progress | task=37 | batches=1/57 | elapsed=0.0s
prebuild_worker_progress | task=38 | batches=1/57 | elapsed=0.0s
prebuild_worker_progress | task=33 | batches=24/57 | elapsed=0.1s
prebuild_worker_progress | task=31 | batches=32/57 | elapsed=0.1s
prebuild_worker_progress | task=34 | batches=24/57 | elapsed=0.1s
prebuild_worker_progress | task=36 | batches=8/57 | elapsed=0.0s
prebuild_worker_progress | task=32 | batches=32/57 | elapsed=0.1s
prebuild_worker_progress | task=35 | batches=16/57 | elapsed=0.1s
prebuild_worker_progress | task=37 | batches=8/57 | elapsed=0.0s
prebuild_worker_progress | task=38 | batches=8/57 | elapsed=0.0s
prebuild_worker_progress | task=33 | batches=32/57 | elapsed=0.1s
prebuild_worker_progress | task=31 | batches=40/57 | elapsed=0.1s
prebuild_worker_progress | task=34 | batches=32/57 | elapsed=0.1s
prebuild_worker_progress | task=36 | batches=16/57 | elapsed=0.1s
prebuild_worker_progress | task=32 | batches=40/57 | elapsed=0.1s
prebuild_worker_progress | task=35 | batches=24/57 | elapsed=0.1s
prebuild_worker_progress | task=38 | batches=16/57 | elapsed=0.1s
prebuild_worker_progress | task=37 | batches=16/57 | elapsed=0.1s
prebuild_worker_progress | task=33 | batches=40/57 | elapsed=0.1s
prebuild_worker_progress | task=34 | batches=40/57 | elapsed=0.1s
prebuild_worker_progress | task=31 | batches=48/57 | elapsed=0.2s
prebuild_worker_progress | task=36 | batches=24/57 | elapsed=0.1s
prebuild_worker_progress | task=32 | batches=48/57 | elapsed=0.2s
prebuild_worker_progress | task=35 | batches=32/57 | elapsed=0.1s
prebuild_worker_progress | task=38 | batches=24/57 | elapsed=0.1s
prebuild_worker_progress | task=37 | batches=24/57 | elapsed=0.1s
prebuild_worker_progress | task=33 | batches=48/57 | elapsed=0.2s
prebuild_worker_progress | task=34 | batches=48/57 | elapsed=0.2s
prebuild_worker_progress | task=31 | batches=56/57 | elapsed=0.2s
prebuild_worker_progress | task=36 | batches=32/57 | elapsed=0.1s
prebuild_worker_progress | task=31 | batches=57/57 | elapsed=0.2s
prebuild_process_progress | tasks_done=32/128 | task=31 | task_batches=57 | batches=1824 | elapsed=37.3s
prebuild_worker_progress | task=39 | batches=1/57 | elapsed=0.0s
prebuild_worker_progress | task=32 | batches=56/57 | elapsed=0.2s
prebuild_worker_progress | task=32 | batches=57/57 | elapsed=0.2s
prebuild_worker_progress | task=35 | batches=40/57 | elapsed=0.1s
prebuild_worker_progress | task=38 | batches=32/57 | elapsed=0.1s
prebuild_process_progress | tasks_done=33/128 | task=32 | task_batches=57 | batches=1881 | elapsed=37.3s
prebuild_worker_progress | task=37 | batches=32/57 | elapsed=0.1s
prebuild_worker_progress | task=40 | batches=1/57 | elapsed=0.0s
prebuild_worker_progress | task=33 | batches=56/57 | elapsed=0.2s
prebuild_worker_progress | task=34 | batches=56/57 | elapsed=0.2s
prebuild_worker_progress | task=36 | batches=40/57 | elapsed=0.1s
prebuild_worker_progress | task=33 | batches=57/57 | elapsed=0.2s
prebuild_worker_progress | task=34 | batches=57/57 | elapsed=0.2s
prebuild_process_progress | tasks_done=34/128 | task=33 | task_batches=57 | batches=1938 | elapsed=37.3s
prebuild_process_progress | tasks_done=35/128 | task=34 | task_batches=57 | batches=1995 | elapsed=37.3s
prebuild_worker_progress | task=39 | batches=8/57 | elapsed=0.0s
prebuild_worker_progress | task=41 | batches=1/57 | elapsed=0.0s
prebuild_worker_progress | task=42 | batches=1/57 | elapsed=0.0s
prebuild_worker_progress | task=35 | batches=48/57 | elapsed=0.2s
prebuild_worker_progress | task=40 | batches=8/57 | elapsed=0.0s
prebuild_worker_progress | task=38 | batches=40/57 | elapsed=0.1s
prebuild_worker_progress | task=37 | batches=40/57 | elapsed=0.1s
prebuild_worker_progress | task=36 | batches=48/57 | elapsed=0.2s
prebuild_worker_progress | task=41 | batches=8/57 | elapsed=0.0s
prebuild_worker_progress | task=42 | batches=8/57 | elapsed=0.0s
prebuild_worker_progress | task=39 | batches=16/57 | elapsed=0.1s
prebuild_worker_progress | task=40 | batches=16/57 | elapsed=0.1s
prebuild_worker_progress | task=38 | batches=48/57 | elapsed=0.2s
prebuild_worker_progress | task=35 | batches=56/57 | elapsed=0.2s
prebuild_worker_progress | task=35 | batches=57/57 | elapsed=0.2s
prebuild_worker_progress | task=37 | batches=48/57 | elapsed=0.2s
prebuild_process_progress | tasks_done=36/128 | task=35 | task_batches=57 | batches=2052 | elapsed=37.4s
prebuild_worker_progress | task=43 | batches=1/57 | elapsed=0.0s
prebuild_worker_progress | task=36 | batches=56/57 | elapsed=0.2s
prebuild_worker_progress | task=36 | batches=57/57 | elapsed=0.2s
prebuild_worker_progress | task=41 | batches=16/57 | elapsed=0.1s
prebuild_worker_progress | task=42 | batches=16/57 | elapsed=0.1s
prebuild_process_progress | tasks_done=37/128 | task=36 | task_batches=57 | batches=2109 | elapsed=37.4s
prebuild_worker_progress | task=39 | batches=24/57 | elapsed=0.1s
prebuild_worker_progress | task=44 | batches=1/57 | elapsed=0.0s
prebuild_worker_progress | task=40 | batches=24/57 | elapsed=0.1s
prebuild_worker_progress | task=38 | batches=56/57 | elapsed=0.2s
prebuild_worker_progress | task=38 | batches=57/57 | elapsed=0.2s
prebuild_worker_progress | task=37 | batches=56/57 | elapsed=0.2s
prebuild_worker_progress | task=43 | batches=8/57 | elapsed=0.0s
prebuild_process_progress | tasks_done=38/128 | task=38 | task_batches=57 | batches=2166 | elapsed=37.4s
prebuild_worker_progress | task=45 | batches=1/57 | elapsed=0.0s
prebuild_worker_progress | task=37 | batches=57/57 | elapsed=0.2s
prebuild_process_progress | tasks_done=39/128 | task=37 | task_batches=57 | batches=2223 | elapsed=37.4s
prebuild_worker_progress | task=46 | batches=1/57 | elapsed=0.0s
prebuild_worker_progress | task=42 | batches=24/57 | elapsed=0.1s
prebuild_worker_progress | task=41 | batches=24/57 | elapsed=0.1s
prebuild_worker_progress | task=44 | batches=8/57 | elapsed=0.0s
prebuild_worker_progress | task=39 | batches=32/57 | elapsed=0.1s
prebuild_worker_progress | task=40 | batches=32/57 | elapsed=0.1s
prebuild_worker_progress | task=45 | batches=8/57 | elapsed=0.0s
prebuild_worker_progress | task=43 | batches=16/57 | elapsed=0.1s
prebuild_worker_progress | task=46 | batches=8/57 | elapsed=0.0s
prebuild_worker_progress | task=42 | batches=32/57 | elapsed=0.1s
prebuild_worker_progress | task=41 | batches=32/57 | elapsed=0.1s
prebuild_worker_progress | task=44 | batches=16/57 | elapsed=0.1s
prebuild_worker_progress | task=39 | batches=40/57 | elapsed=0.1s
prebuild_worker_progress | task=40 | batches=40/57 | elapsed=0.1s
prebuild_worker_progress | task=45 | batches=16/57 | elapsed=0.1s
prebuild_worker_progress | task=43 | batches=24/57 | elapsed=0.1s
prebuild_worker_progress | task=46 | batches=16/57 | elapsed=0.1s
prebuild_worker_progress | task=42 | batches=40/57 | elapsed=0.1s
prebuild_worker_progress | task=44 | batches=24/57 | elapsed=0.1s
prebuild_worker_progress | task=41 | batches=40/57 | elapsed=0.1s
prebuild_worker_progress | task=39 | batches=48/57 | elapsed=0.2s
prebuild_worker_progress | task=40 | batches=48/57 | elapsed=0.2s
prebuild_worker_progress | task=45 | batches=24/57 | elapsed=0.1s
prebuild_worker_progress | task=43 | batches=32/57 | elapsed=0.1s
prebuild_worker_progress | task=46 | batches=24/57 | elapsed=0.1s
prebuild_worker_progress | task=42 | batches=48/57 | elapsed=0.2s
prebuild_worker_progress | task=44 | batches=32/57 | elapsed=0.1s
prebuild_worker_progress | task=41 | batches=48/57 | elapsed=0.2s
prebuild_worker_progress | task=40 | batches=56/57 | elapsed=0.2s
prebuild_worker_progress | task=39 | batches=56/57 | elapsed=0.2s
prebuild_worker_progress | task=40 | batches=57/57 | elapsed=0.2s
prebuild_worker_progress | task=39 | batches=57/57 | elapsed=0.2s
prebuild_worker_progress | task=45 | batches=32/57 | elapsed=0.1s
prebuild_worker_progress | task=47 | batches=1/57 | elapsed=0.0s
prebuild_process_progress | tasks_done=40/128 | task=40 | task_batches=57 | batches=2280 | elapsed=37.5s
prebuild_process_progress | tasks_done=41/128 | task=39 | task_batches=57 | batches=2337 | elapsed=37.5s
prebuild_worker_progress | task=48 | batches=1/57 | elapsed=0.0s
prebuild_worker_progress | task=43 | batches=40/57 | elapsed=0.1s
prebuild_worker_progress | task=42 | batches=56/57 | elapsed=0.2s
prebuild_worker_progress | task=44 | batches=40/57 | elapsed=0.1s
prebuild_worker_progress | task=41 | batches=56/57 | elapsed=0.2s
prebuild_worker_progress | task=46 | batches=32/57 | elapsed=0.1s
prebuild_worker_progress | task=42 | batches=57/57 | elapsed=0.2s
prebuild_worker_progress | task=41 | batches=57/57 | elapsed=0.2s
prebuild_process_progress | tasks_done=42/128 | task=42 | task_batches=57 | batches=2394 | elapsed=37.5s
prebuild_worker_progress | task=49 | batches=1/57 | elapsed=0.0s
prebuild_process_progress | tasks_done=43/128 | task=41 | task_batches=57 | batches=2451 | elapsed=37.5s
prebuild_worker_progress | task=50 | batches=1/57 | elapsed=0.0s
prebuild_worker_progress | task=47 | batches=8/57 | elapsed=0.0s
prebuild_worker_progress | task=45 | batches=40/57 | elapsed=0.1s
prebuild_worker_progress | task=48 | batches=8/57 | elapsed=0.0s
prebuild_worker_progress | task=43 | batches=48/57 | elapsed=0.2s
prebuild_worker_progress | task=44 | batches=48/57 | elapsed=0.2s
prebuild_worker_progress | task=46 | batches=40/57 | elapsed=0.1s
prebuild_worker_progress | task=49 | batches=8/57 | elapsed=0.0s
prebuild_worker_progress | task=50 | batches=8/57 | elapsed=0.0s
prebuild_worker_progress | task=47 | batches=16/57 | elapsed=0.1s
prebuild_worker_progress | task=45 | batches=48/57 | elapsed=0.2s
prebuild_worker_progress | task=48 | batches=16/57 | elapsed=0.1s
prebuild_worker_progress | task=43 | batches=56/57 | elapsed=0.2s
prebuild_worker_progress | task=43 | batches=57/57 | elapsed=0.2s
prebuild_process_progress | tasks_done=44/128 | task=43 | task_batches=57 | batches=2508 | elapsed=37.6s
prebuild_worker_progress | task=51 | batches=1/57 | elapsed=0.0s
prebuild_worker_progress | task=44 | batches=56/57 | elapsed=0.2s
prebuild_worker_progress | task=44 | batches=57/57 | elapsed=0.2s
prebuild_worker_progress | task=49 | batches=16/57 | elapsed=0.1s
prebuild_worker_progress | task=46 | batches=48/57 | elapsed=0.2s
prebuild_process_progress | tasks_done=45/128 | task=44 | task_batches=57 | batches=2565 | elapsed=37.6s
prebuild_worker_progress | task=50 | batches=16/57 | elapsed=0.1s
prebuild_worker_progress | task=52 | batches=1/57 | elapsed=0.0s
prebuild_worker_progress | task=47 | batches=24/57 | elapsed=0.1s
prebuild_worker_progress | task=45 | batches=56/57 | elapsed=0.2s
prebuild_worker_progress | task=48 | batches=24/57 | elapsed=0.1s
prebuild_worker_progress | task=45 | batches=57/57 | elapsed=0.2s
prebuild_process_progress | tasks_done=46/128 | task=45 | task_batches=57 | batches=2622 | elapsed=37.6s
prebuild_worker_progress | task=53 | batches=1/57 | elapsed=0.0s
prebuild_worker_progress | task=51 | batches=8/57 | elapsed=0.0s
prebuild_worker_progress | task=52 | batches=8/57 | elapsed=0.0s
prebuild_worker_progress | task=49 | batches=24/57 | elapsed=0.1s
prebuild_worker_progress | task=46 | batches=56/57 | elapsed=0.2s
prebuild_worker_progress | task=50 | batches=24/57 | elapsed=0.1s
prebuild_worker_progress | task=47 | batches=32/57 | elapsed=0.1s
prebuild_worker_progress | task=46 | batches=57/57 | elapsed=0.2s
prebuild_process_progress | tasks_done=47/128 | task=46 | task_batches=57 | batches=2679 | elapsed=37.6s
prebuild_worker_progress | task=48 | batches=32/57 | elapsed=0.1s
prebuild_worker_progress | task=54 | batches=1/57 | elapsed=0.0s
prebuild_worker_progress | task=53 | batches=8/57 | elapsed=0.0s
prebuild_worker_progress | task=51 | batches=16/57 | elapsed=0.1s
prebuild_worker_progress | task=52 | batches=16/57 | elapsed=0.1s
prebuild_worker_progress | task=49 | batches=32/57 | elapsed=0.1s
prebuild_worker_progress | task=50 | batches=32/57 | elapsed=0.1s
prebuild_worker_progress | task=47 | batches=40/57 | elapsed=0.1s
prebuild_worker_progress | task=54 | batches=8/57 | elapsed=0.0s
prebuild_worker_progress | task=53 | batches=16/57 | elapsed=0.1s
prebuild_worker_progress | task=48 | batches=40/57 | elapsed=0.1s
prebuild_worker_progress | task=51 | batches=24/57 | elapsed=0.1s
prebuild_worker_progress | task=52 | batches=24/57 | elapsed=0.1s
prebuild_worker_progress | task=49 | batches=40/57 | elapsed=0.1s
prebuild_worker_progress | task=50 | batches=40/57 | elapsed=0.1s
prebuild_worker_progress | task=47 | batches=48/57 | elapsed=0.2s
prebuild_worker_progress | task=53 | batches=24/57 | elapsed=0.1s
prebuild_worker_progress | task=54 | batches=16/57 | elapsed=0.1s
prebuild_worker_progress | task=48 | batches=48/57 | elapsed=0.2s
prebuild_worker_progress | task=51 | batches=32/57 | elapsed=0.1s
prebuild_worker_progress | task=52 | batches=32/57 | elapsed=0.1s
prebuild_worker_progress | task=49 | batches=48/57 | elapsed=0.2s
prebuild_worker_progress | task=47 | batches=56/57 | elapsed=0.2s
prebuild_worker_progress | task=50 | batches=48/57 | elapsed=0.2s
prebuild_worker_progress | task=47 | batches=57/57 | elapsed=0.2s
prebuild_process_progress | tasks_done=48/128 | task=47 | task_batches=57 | batches=2736 | elapsed=37.7s
prebuild_worker_progress | task=53 | batches=32/57 | elapsed=0.1s
prebuild_worker_progress | task=55 | batches=1/57 | elapsed=0.0s
prebuild_worker_progress | task=48 | batches=56/57 | elapsed=0.2s
prebuild_worker_progress | task=54 | batches=24/57 | elapsed=0.1s
prebuild_worker_progress | task=48 | batches=57/57 | elapsed=0.2s
prebuild_worker_progress | task=51 | batches=40/57 | elapsed=0.1s
prebuild_process_progress | tasks_done=49/128 | task=48 | task_batches=57 | batches=2793 | elapsed=37.7s
prebuild_worker_progress | task=56 | batches=1/57 | elapsed=0.0s
prebuild_worker_progress | task=52 | batches=40/57 | elapsed=0.1s
prebuild_worker_progress | task=49 | batches=56/57 | elapsed=0.2s
prebuild_worker_progress | task=49 | batches=57/57 | elapsed=0.2s
prebuild_worker_progress | task=50 | batches=56/57 | elapsed=0.2s
prebuild_worker_progress | task=50 | batches=57/57 | elapsed=0.2s
prebuild_worker_progress | task=57 | batches=1/57 | elapsed=0.0s
prebuild_worker_progress | task=55 | batches=8/57 | elapsed=0.0s
prebuild_worker_progress | task=53 | batches=40/57 | elapsed=0.1s
prebuild_worker_progress | task=58 | batches=1/57 | elapsed=0.0s
prebuild_worker_progress | task=54 | batches=32/57 | elapsed=0.1s
prebuild_worker_progress | task=51 | batches=48/57 | elapsed=0.2s
prebuild_worker_progress | task=56 | batches=8/57 | elapsed=0.0s
prebuild_worker_progress | task=52 | batches=48/57 | elapsed=0.2s
prebuild_worker_progress | task=57 | batches=8/57 | elapsed=0.0s
prebuild_worker_progress | task=55 | batches=16/57 | elapsed=0.1s
prebuild_worker_progress | task=58 | batches=8/57 | elapsed=0.0s
prebuild_worker_progress | task=53 | batches=48/57 | elapsed=0.2s
prebuild_worker_progress | task=54 | batches=40/57 | elapsed=0.1s
prebuild_worker_progress | task=51 | batches=56/57 | elapsed=0.2s
prebuild_process_progress | tasks_done=50/128 | task=49 | task_batches=57 | batches=2850 | elapsed=37.8s
prebuild_worker_progress | task=56 | batches=16/57 | elapsed=0.1s
prebuild_process_progress | tasks_done=51/128 | task=50 | task_batches=57 | batches=2907 | elapsed=37.8s
prebuild_worker_progress | task=51 | batches=57/57 | elapsed=0.2s
prebuild_worker_progress | task=52 | batches=56/57 | elapsed=0.2s
prebuild_process_progress | tasks_done=52/128 | task=51 | task_batches=57 | batches=2964 | elapsed=37.8s
prebuild_worker_progress | task=52 | batches=57/57 | elapsed=0.2s
prebuild_worker_progress | task=59 | batches=1/57 | elapsed=0.0s
prebuild_process_progress | tasks_done=53/128 | task=52 | task_batches=57 | batches=3021 | elapsed=37.8s
prebuild_worker_progress | task=57 | batches=16/57 | elapsed=0.1s
prebuild_worker_progress | task=60 | batches=1/57 | elapsed=0.0s
prebuild_worker_progress | task=55 | batches=24/57 | elapsed=0.1s
prebuild_worker_progress | task=53 | batches=56/57 | elapsed=0.2s
prebuild_worker_progress | task=58 | batches=16/57 | elapsed=0.1s
prebuild_worker_progress | task=53 | batches=57/57 | elapsed=0.2s
prebuild_process_progress | tasks_done=54/128 | task=53 | task_batches=57 | batches=3078 | elapsed=37.8s
prebuild_worker_progress | task=61 | batches=1/57 | elapsed=0.0s
prebuild_worker_progress | task=54 | batches=48/57 | elapsed=0.2s
prebuild_worker_progress | task=56 | batches=24/57 | elapsed=0.1s
prebuild_worker_progress | task=59 | batches=8/57 | elapsed=0.0s
prebuild_worker_progress | task=60 | batches=8/57 | elapsed=0.0s
prebuild_worker_progress | task=57 | batches=24/57 | elapsed=0.1s
prebuild_worker_progress | task=55 | batches=32/57 | elapsed=0.1s
prebuild_worker_progress | task=58 | batches=24/57 | elapsed=0.1s
prebuild_worker_progress | task=61 | batches=8/57 | elapsed=0.0s
prebuild_worker_progress | task=54 | batches=56/57 | elapsed=0.2s
prebuild_worker_progress | task=56 | batches=32/57 | elapsed=0.1s
prebuild_worker_progress | task=54 | batches=57/57 | elapsed=0.2s
prebuild_worker_progress | task=59 | batches=16/57 | elapsed=0.1s
prebuild_worker_progress | task=60 | batches=16/57 | elapsed=0.1s
prebuild_worker_progress | task=57 | batches=32/57 | elapsed=0.1s
prebuild_process_progress | tasks_done=55/128 | task=54 | task_batches=57 | batches=3135 | elapsed=37.8s
prebuild_worker_progress | task=62 | batches=1/57 | elapsed=0.0s
prebuild_worker_progress | task=55 | batches=40/57 | elapsed=0.1s
prebuild_worker_progress | task=58 | batches=32/57 | elapsed=0.1s
prebuild_worker_progress | task=61 | batches=16/57 | elapsed=0.1s
prebuild_worker_progress | task=56 | batches=40/57 | elapsed=0.1s
prebuild_worker_progress | task=59 | batches=24/57 | elapsed=0.1s
prebuild_worker_progress | task=62 | batches=8/57 | elapsed=0.0s
prebuild_worker_progress | task=60 | batches=24/57 | elapsed=0.1s
prebuild_worker_progress | task=57 | batches=40/57 | elapsed=0.1s
prebuild_worker_progress | task=55 | batches=48/57 | elapsed=0.2s
prebuild_worker_progress | task=58 | batches=40/57 | elapsed=0.1s
prebuild_worker_progress | task=61 | batches=24/57 | elapsed=0.1s
prebuild_worker_progress | task=56 | batches=48/57 | elapsed=0.2s
prebuild_worker_progress | task=59 | batches=32/57 | elapsed=0.1s
prebuild_worker_progress | task=60 | batches=32/57 | elapsed=0.1s
prebuild_worker_progress | task=62 | batches=16/57 | elapsed=0.1s
prebuild_worker_progress | task=57 | batches=48/57 | elapsed=0.2s
prebuild_worker_progress | task=55 | batches=56/57 | elapsed=0.2s
prebuild_worker_progress | task=55 | batches=57/57 | elapsed=0.2s
prebuild_worker_progress | task=58 | batches=48/57 | elapsed=0.2s
prebuild_process_progress | tasks_done=56/128 | task=55 | task_batches=57 | batches=3192 | elapsed=37.9s
prebuild_worker_progress | task=61 | batches=32/57 | elapsed=0.1s
prebuild_worker_progress | task=63 | batches=1/57 | elapsed=0.0s
prebuild_worker_progress | task=56 | batches=56/57 | elapsed=0.2s
prebuild_worker_progress | task=59 | batches=40/57 | elapsed=0.1s
prebuild_worker_progress | task=56 | batches=57/57 | elapsed=0.2s
prebuild_worker_progress | task=60 | batches=40/57 | elapsed=0.1s
prebuild_worker_progress | task=62 | batches=24/57 | elapsed=0.1s
prebuild_worker_progress | task=57 | batches=56/57 | elapsed=0.2s
prebuild_process_progress | tasks_done=57/128 | task=56 | task_batches=57 | batches=3249 | elapsed=37.9s
prebuild_worker_progress | task=64 | batches=1/57 | elapsed=0.0s
prebuild_worker_progress | task=57 | batches=57/57 | elapsed=0.2s
prebuild_worker_progress | task=63 | batches=8/57 | elapsed=0.0s
prebuild_process_progress | tasks_done=58/128 | task=57 | task_batches=57 | batches=3306 | elapsed=37.9s
prebuild_worker_progress | task=58 | batches=56/57 | elapsed=0.2s
prebuild_worker_progress | task=65 | batches=1/57 | elapsed=0.0s
prebuild_worker_progress | task=61 | batches=40/57 | elapsed=0.1s
prebuild_worker_progress | task=58 | batches=57/57 | elapsed=0.2s
prebuild_process_progress | tasks_done=59/128 | task=58 | task_batches=57 | batches=3363 | elapsed=37.9s
prebuild_worker_progress | task=66 | batches=1/57 | elapsed=0.0s
prebuild_worker_progress | task=59 | batches=48/57 | elapsed=0.2s
prebuild_worker_progress | task=60 | batches=48/57 | elapsed=0.2s
prebuild_worker_progress | task=62 | batches=32/57 | elapsed=0.1s
prebuild_worker_progress | task=64 | batches=8/57 | elapsed=0.0s
prebuild_worker_progress | task=63 | batches=16/57 | elapsed=0.1s
prebuild_worker_progress | task=65 | batches=8/57 | elapsed=0.0s
prebuild_worker_progress | task=61 | batches=48/57 | elapsed=0.2s
prebuild_worker_progress | task=66 | batches=8/57 | elapsed=0.0s
prebuild_worker_progress | task=59 | batches=56/57 | elapsed=0.2s
prebuild_worker_progress | task=60 | batches=56/57 | elapsed=0.2s
prebuild_worker_progress | task=59 | batches=57/57 | elapsed=0.2s
prebuild_worker_progress | task=62 | batches=40/57 | elapsed=0.1s
prebuild_worker_progress | task=60 | batches=57/57 | elapsed=0.2s
prebuild_worker_progress | task=64 | batches=16/57 | elapsed=0.1s
prebuild_worker_progress | task=63 | batches=24/57 | elapsed=0.1s
prebuild_worker_progress | task=65 | batches=16/57 | elapsed=0.1s
prebuild_worker_progress | task=67 | batches=1/57 | elapsed=0.0s
prebuild_worker_progress | task=68 | batches=1/57 | elapsed=0.0s
prebuild_process_progress | tasks_done=60/128 | task=59 | task_batches=57 | batches=3420 | elapsed=38.0s
prebuild_process_progress | tasks_done=61/128 | task=60 | task_batches=57 | batches=3477 | elapsed=38.0s
prebuild_worker_progress | task=61 | batches=56/57 | elapsed=0.2s
prebuild_worker_progress | task=61 | batches=57/57 | elapsed=0.2s
prebuild_worker_progress | task=66 | batches=16/57 | elapsed=0.1s
prebuild_process_progress | tasks_done=62/128 | task=61 | task_batches=57 | batches=3534 | elapsed=38.0s
prebuild_worker_progress | task=69 | batches=1/57 | elapsed=0.0s
prebuild_worker_progress | task=62 | batches=48/57 | elapsed=0.2s
prebuild_worker_progress | task=64 | batches=24/57 | elapsed=0.1s
prebuild_worker_progress | task=67 | batches=8/57 | elapsed=0.0s
prebuild_worker_progress | task=68 | batches=8/57 | elapsed=0.0s
prebuild_worker_progress | task=63 | batches=32/57 | elapsed=0.1s
prebuild_worker_progress | task=65 | batches=24/57 | elapsed=0.1s
prebuild_worker_progress | task=66 | batches=24/57 | elapsed=0.1s
prebuild_worker_progress | task=69 | batches=8/57 | elapsed=0.0s
prebuild_worker_progress | task=62 | batches=56/57 | elapsed=0.2s
prebuild_worker_progress | task=63 | batches=40/57 | elapsed=0.1s
prebuild_worker_progress | task=64 | batches=32/57 | elapsed=0.1s
prebuild_worker_progress | task=68 | batches=16/57 | elapsed=0.1s
prebuild_worker_progress | task=67 | batches=16/57 | elapsed=0.1s
prebuild_worker_progress | task=65 | batches=32/57 | elapsed=0.1s
prebuild_worker_progress | task=62 | batches=57/57 | elapsed=0.2s
prebuild_process_progress | tasks_done=63/128 | task=62 | task_batches=57 | batches=3591 | elapsed=38.0s
prebuild_worker_progress | task=70 | batches=1/57 | elapsed=0.0s
prebuild_worker_progress | task=66 | batches=32/57 | elapsed=0.1s
prebuild_worker_progress | task=69 | batches=16/57 | elapsed=0.1s
prebuild_worker_progress | task=63 | batches=48/57 | elapsed=0.2s
prebuild_worker_progress | task=68 | batches=24/57 | elapsed=0.1s
prebuild_worker_progress | task=67 | batches=24/57 | elapsed=0.1s
prebuild_worker_progress | task=64 | batches=40/57 | elapsed=0.1s
prebuild_worker_progress | task=65 | batches=40/57 | elapsed=0.1s
prebuild_worker_progress | task=70 | batches=8/57 | elapsed=0.0s
prebuild_worker_progress | task=69 | batches=24/57 | elapsed=0.1s
prebuild_worker_progress | task=66 | batches=40/57 | elapsed=0.1s
prebuild_worker_progress | task=63 | batches=56/57 | elapsed=0.2s
prebuild_worker_progress | task=68 | batches=32/57 | elapsed=0.1s
prebuild_worker_progress | task=67 | batches=32/57 | elapsed=0.1s
prebuild_worker_progress | task=64 | batches=48/57 | elapsed=0.2s
prebuild_worker_progress | task=63 | batches=57/57 | elapsed=0.2s
prebuild_worker_progress | task=65 | batches=48/57 | elapsed=0.2s
prebuild_process_progress | tasks_done=64/128 | task=63 | task_batches=57 | batches=3648 | elapsed=38.1s
prebuild_worker_progress | task=71 | batches=1/57 | elapsed=0.0s
prebuild_worker_progress | task=70 | batches=16/57 | elapsed=0.1s
prebuild_worker_progress | task=69 | batches=32/57 | elapsed=0.1s
prebuild_worker_progress | task=66 | batches=48/57 | elapsed=0.2s
prebuild_worker_progress | task=68 | batches=40/57 | elapsed=0.1s
prebuild_worker_progress | task=67 | batches=40/57 | elapsed=0.1s
prebuild_worker_progress | task=65 | batches=56/57 | elapsed=0.2s
prebuild_worker_progress | task=64 | batches=56/57 | elapsed=0.2s
prebuild_worker_progress | task=71 | batches=8/57 | elapsed=0.0s
prebuild_worker_progress | task=65 | batches=57/57 | elapsed=0.2s
prebuild_worker_progress | task=64 | batches=57/57 | elapsed=0.2s
prebuild_worker_progress | task=69 | batches=40/57 | elapsed=0.1s
prebuild_worker_progress | task=70 | batches=24/57 | elapsed=0.1s
prebuild_worker_progress | task=72 | batches=1/57 | elapsed=0.0s
prebuild_worker_progress | task=66 | batches=56/57 | elapsed=0.2s
prebuild_worker_progress | task=73 | batches=1/57 | elapsed=0.0s
prebuild_process_progress | tasks_done=65/128 | task=65 | task_batches=57 | batches=3705 | elapsed=38.1s
prebuild_process_progress | tasks_done=66/128 | task=64 | task_batches=57 | batches=3762 | elapsed=38.1s
prebuild_worker_progress | task=66 | batches=57/57 | elapsed=0.2s
prebuild_process_progress | tasks_done=67/128 | task=66 | task_batches=57 | batches=3819 | elapsed=38.1s
prebuild_worker_progress | task=74 | batches=1/57 | elapsed=0.0s
prebuild_worker_progress | task=68 | batches=48/57 | elapsed=0.2s
prebuild_worker_progress | task=67 | batches=48/57 | elapsed=0.2s
prebuild_worker_progress | task=71 | batches=16/57 | elapsed=0.1s
prebuild_worker_progress | task=72 | batches=8/57 | elapsed=0.0s
prebuild_worker_progress | task=73 | batches=8/57 | elapsed=0.0s
prebuild_worker_progress | task=69 | batches=48/57 | elapsed=0.2s
prebuild_worker_progress | task=70 | batches=32/57 | elapsed=0.1s
prebuild_worker_progress | task=74 | batches=8/57 | elapsed=0.0s
prebuild_worker_progress | task=68 | batches=56/57 | elapsed=0.2s
prebuild_worker_progress | task=71 | batches=24/57 | elapsed=0.1s
prebuild_worker_progress | task=68 | batches=57/57 | elapsed=0.2s
prebuild_worker_progress | task=67 | batches=56/57 | elapsed=0.2s
prebuild_process_progress | tasks_done=68/128 | task=68 | task_batches=57 | batches=3876 | elapsed=38.2s
prebuild_worker_progress | task=67 | batches=57/57 | elapsed=0.2s
prebuild_worker_progress | task=72 | batches=16/57 | elapsed=0.1s
prebuild_worker_progress | task=75 | batches=1/57 | elapsed=0.0s
prebuild_worker_progress | task=73 | batches=16/57 | elapsed=0.1s
prebuild_worker_progress | task=69 | batches=56/57 | elapsed=0.2s
prebuild_process_progress | tasks_done=69/128 | task=67 | task_batches=57 | batches=3933 | elapsed=38.2s
prebuild_worker_progress | task=76 | batches=1/57 | elapsed=0.0s
prebuild_worker_progress | task=69 | batches=57/57 | elapsed=0.2s
prebuild_worker_progress | task=70 | batches=40/57 | elapsed=0.1s
prebuild_process_progress | tasks_done=70/128 | task=69 | task_batches=57 | batches=3990 | elapsed=38.2s
prebuild_worker_progress | task=74 | batches=16/57 | elapsed=0.1s
prebuild_worker_progress | task=77 | batches=1/57 | elapsed=0.0s
prebuild_worker_progress | task=71 | batches=32/57 | elapsed=0.1s
prebuild_worker_progress | task=75 | batches=8/57 | elapsed=0.0s
prebuild_worker_progress | task=72 | batches=24/57 | elapsed=0.1s
prebuild_worker_progress | task=76 | batches=8/57 | elapsed=0.0s
prebuild_worker_progress | task=73 | batches=24/57 | elapsed=0.1s
prebuild_worker_progress | task=77 | batches=8/57 | elapsed=0.0s
prebuild_worker_progress | task=70 | batches=48/57 | elapsed=0.2s
prebuild_worker_progress | task=74 | batches=24/57 | elapsed=0.1s
prebuild_worker_progress | task=71 | batches=40/57 | elapsed=0.1s
prebuild_worker_progress | task=75 | batches=16/57 | elapsed=0.1s
prebuild_worker_progress | task=72 | batches=32/57 | elapsed=0.1s
prebuild_worker_progress | task=76 | batches=16/57 | elapsed=0.1s
prebuild_worker_progress | task=73 | batches=32/57 | elapsed=0.1s
prebuild_worker_progress | task=77 | batches=16/57 | elapsed=0.1s
prebuild_worker_progress | task=74 | batches=32/57 | elapsed=0.1s
prebuild_worker_progress | task=70 | batches=56/57 | elapsed=0.2s
prebuild_worker_progress | task=70 | batches=57/57 | elapsed=0.2s
prebuild_process_progress | tasks_done=71/128 | task=70 | task_batches=57 | batches=4047 | elapsed=38.2s
prebuild_worker_progress | task=71 | batches=48/57 | elapsed=0.2s
prebuild_worker_progress | task=78 | batches=1/57 | elapsed=0.0s
prebuild_worker_progress | task=75 | batches=24/57 | elapsed=0.1s
prebuild_worker_progress | task=72 | batches=40/57 | elapsed=0.1s
prebuild_worker_progress | task=76 | batches=24/57 | elapsed=0.1s
prebuild_worker_progress | task=73 | batches=40/57 | elapsed=0.1s
prebuild_worker_progress | task=77 | batches=24/57 | elapsed=0.1s
prebuild_worker_progress | task=74 | batches=40/57 | elapsed=0.1s
prebuild_worker_progress | task=78 | batches=8/57 | elapsed=0.0s
prebuild_worker_progress | task=71 | batches=56/57 | elapsed=0.2s
prebuild_worker_progress | task=71 | batches=57/57 | elapsed=0.2s
prebuild_worker_progress | task=75 | batches=32/57 | elapsed=0.1s
prebuild_process_progress | tasks_done=72/128 | task=71 | task_batches=57 | batches=4104 | elapsed=38.3s
prebuild_worker_progress | task=72 | batches=48/57 | elapsed=0.2s
prebuild_worker_progress | task=79 | batches=1/57 | elapsed=0.0s
prebuild_worker_progress | task=76 | batches=32/57 | elapsed=0.1s
prebuild_worker_progress | task=73 | batches=48/57 | elapsed=0.2s
prebuild_worker_progress | task=77 | batches=32/57 | elapsed=0.1s
prebuild_worker_progress | task=74 | batches=48/57 | elapsed=0.2s
prebuild_worker_progress | task=78 | batches=16/57 | elapsed=0.1s
prebuild_worker_progress | task=75 | batches=40/57 | elapsed=0.1s
prebuild_worker_progress | task=79 | batches=8/57 | elapsed=0.0s
prebuild_worker_progress | task=72 | batches=56/57 | elapsed=0.2s
prebuild_worker_progress | task=76 | batches=40/57 | elapsed=0.1s
prebuild_worker_progress | task=72 | batches=57/57 | elapsed=0.2s
prebuild_worker_progress | task=77 | batches=40/57 | elapsed=0.1s
prebuild_worker_progress | task=73 | batches=56/57 | elapsed=0.2s
prebuild_process_progress | tasks_done=73/128 | task=72 | task_batches=57 | batches=4161 | elapsed=38.3s
prebuild_worker_progress | task=80 | batches=1/57 | elapsed=0.0s
prebuild_worker_progress | task=73 | batches=57/57 | elapsed=0.2s
prebuild_worker_progress | task=74 | batches=56/57 | elapsed=0.2s
prebuild_worker_progress | task=74 | batches=57/57 | elapsed=0.2s
prebuild_process_progress | tasks_done=74/128 | task=73 | task_batches=57 | batches=4218 | elapsed=38.3s
prebuild_worker_progress | task=81 | batches=1/57 | elapsed=0.0s
prebuild_process_progress | tasks_done=75/128 | task=74 | task_batches=57 | batches=4275 | elapsed=38.3s
prebuild_worker_progress | task=82 | batches=1/57 | elapsed=0.0s
prebuild_worker_progress | task=78 | batches=24/57 | elapsed=0.1s
prebuild_worker_progress | task=75 | batches=48/57 | elapsed=0.2s
prebuild_worker_progress | task=79 | batches=16/57 | elapsed=0.1s
prebuild_worker_progress | task=76 | batches=48/57 | elapsed=0.2s
prebuild_worker_progress | task=77 | batches=48/57 | elapsed=0.2s
prebuild_worker_progress | task=80 | batches=8/57 | elapsed=0.0s
prebuild_worker_progress | task=81 | batches=8/57 | elapsed=0.0s
prebuild_worker_progress | task=82 | batches=8/57 | elapsed=0.0s
prebuild_worker_progress | task=75 | batches=56/57 | elapsed=0.2s
prebuild_worker_progress | task=79 | batches=24/57 | elapsed=0.1s
prebuild_worker_progress | task=78 | batches=32/57 | elapsed=0.1s
prebuild_worker_progress | task=75 | batches=57/57 | elapsed=0.2s
prebuild_process_progress | tasks_done=76/128 | task=75 | task_batches=57 | batches=4332 | elapsed=38.4s
prebuild_worker_progress | task=76 | batches=56/57 | elapsed=0.2s
prebuild_worker_progress | task=83 | batches=1/57 | elapsed=0.0s
prebuild_worker_progress | task=77 | batches=56/57 | elapsed=0.2s
prebuild_worker_progress | task=80 | batches=16/57 | elapsed=0.1s
prebuild_worker_progress | task=76 | batches=57/57 | elapsed=0.2s
prebuild_worker_progress | task=77 | batches=57/57 | elapsed=0.2s
prebuild_process_progress | tasks_done=77/128 | task=76 | task_batches=57 | batches=4389 | elapsed=38.4s
prebuild_worker_progress | task=84 | batches=1/57 | elapsed=0.0s
prebuild_process_progress | tasks_done=78/128 | task=77 | task_batches=57 | batches=4446 | elapsed=38.4s
prebuild_worker_progress | task=85 | batches=1/57 | elapsed=0.0s
prebuild_worker_progress | task=81 | batches=16/57 | elapsed=0.1s
prebuild_worker_progress | task=82 | batches=16/57 | elapsed=0.1s
prebuild_worker_progress | task=79 | batches=32/57 | elapsed=0.1s
prebuild_worker_progress | task=78 | batches=40/57 | elapsed=0.1s
prebuild_worker_progress | task=83 | batches=8/57 | elapsed=0.0s
prebuild_worker_progress | task=80 | batches=24/57 | elapsed=0.1s
prebuild_worker_progress | task=84 | batches=8/57 | elapsed=0.0s
prebuild_worker_progress | task=85 | batches=8/57 | elapsed=0.0s
prebuild_worker_progress | task=81 | batches=24/57 | elapsed=0.1s
prebuild_worker_progress | task=82 | batches=24/57 | elapsed=0.1s
prebuild_worker_progress | task=79 | batches=40/57 | elapsed=0.1s
prebuild_worker_progress | task=83 | batches=16/57 | elapsed=0.1s
prebuild_worker_progress | task=78 | batches=48/57 | elapsed=0.2s
prebuild_worker_progress | task=80 | batches=32/57 | elapsed=0.1s
prebuild_worker_progress | task=84 | batches=16/57 | elapsed=0.1s
prebuild_worker_progress | task=85 | batches=16/57 | elapsed=0.1s
prebuild_worker_progress | task=81 | batches=32/57 | elapsed=0.1s
prebuild_worker_progress | task=82 | batches=32/57 | elapsed=0.1s
prebuild_worker_progress | task=79 | batches=48/57 | elapsed=0.2s
prebuild_worker_progress | task=83 | batches=24/57 | elapsed=0.1s
prebuild_worker_progress | task=78 | batches=56/57 | elapsed=0.2s
prebuild_worker_progress | task=80 | batches=40/57 | elapsed=0.1s
prebuild_worker_progress | task=78 | batches=57/57 | elapsed=0.2s
prebuild_worker_progress | task=84 | batches=24/57 | elapsed=0.1s
prebuild_worker_progress | task=85 | batches=24/57 | elapsed=0.1s
prebuild_process_progress | tasks_done=79/128 | task=78 | task_batches=57 | batches=4503 | elapsed=38.5s
prebuild_worker_progress | task=86 | batches=1/57 | elapsed=0.0s
prebuild_worker_progress | task=81 | batches=40/57 | elapsed=0.1s
prebuild_worker_progress | task=82 | batches=40/57 | elapsed=0.1s
prebuild_worker_progress | task=79 | batches=56/57 | elapsed=0.2s
prebuild_worker_progress | task=83 | batches=32/57 | elapsed=0.1s
prebuild_worker_progress | task=79 | batches=57/57 | elapsed=0.2s
prebuild_process_progress | tasks_done=80/128 | task=79 | task_batches=57 | batches=4560 | elapsed=38.5s
prebuild_worker_progress | task=80 | batches=48/57 | elapsed=0.2s
prebuild_worker_progress | task=87 | batches=1/57 | elapsed=0.0s
prebuild_worker_progress | task=84 | batches=32/57 | elapsed=0.1s
prebuild_worker_progress | task=85 | batches=32/57 | elapsed=0.1s
prebuild_worker_progress | task=86 | batches=8/57 | elapsed=0.0s
prebuild_worker_progress | task=81 | batches=48/57 | elapsed=0.2s
prebuild_worker_progress | task=82 | batches=48/57 | elapsed=0.2s
prebuild_worker_progress | task=83 | batches=40/57 | elapsed=0.1s
prebuild_worker_progress | task=87 | batches=8/57 | elapsed=0.0s
prebuild_worker_progress | task=80 | batches=56/57 | elapsed=0.2s
prebuild_worker_progress | task=80 | batches=57/57 | elapsed=0.2s
prebuild_worker_progress | task=84 | batches=40/57 | elapsed=0.1s
prebuild_worker_progress | task=85 | batches=40/57 | elapsed=0.1s
prebuild_worker_progress | task=86 | batches=16/57 | elapsed=0.1s
prebuild_process_progress | tasks_done=81/128 | task=80 | task_batches=57 | batches=4617 | elapsed=38.5s
prebuild_worker_progress | task=88 | batches=1/57 | elapsed=0.0s
prebuild_worker_progress | task=82 | batches=56/57 | elapsed=0.2s
prebuild_worker_progress | task=81 | batches=56/57 | elapsed=0.2s
prebuild_worker_progress | task=82 | batches=57/57 | elapsed=0.2s
prebuild_worker_progress | task=81 | batches=57/57 | elapsed=0.2s
prebuild_process_progress | tasks_done=82/128 | task=82 | task_batches=57 | batches=4674 | elapsed=38.5s
prebuild_worker_progress | task=89 | batches=1/57 | elapsed=0.0s
prebuild_worker_progress | task=83 | batches=48/57 | elapsed=0.2s
prebuild_process_progress | tasks_done=83/128 | task=81 | task_batches=57 | batches=4731 | elapsed=38.5s
prebuild_worker_progress | task=90 | batches=1/57 | elapsed=0.0s
prebuild_worker_progress | task=87 | batches=16/57 | elapsed=0.1s
prebuild_worker_progress | task=84 | batches=48/57 | elapsed=0.2s
prebuild_worker_progress | task=85 | batches=48/57 | elapsed=0.2s
prebuild_worker_progress | task=88 | batches=8/57 | elapsed=0.0s
prebuild_worker_progress | task=86 | batches=24/57 | elapsed=0.1s
prebuild_worker_progress | task=89 | batches=8/57 | elapsed=0.0s
prebuild_worker_progress | task=90 | batches=8/57 | elapsed=0.0s
prebuild_worker_progress | task=83 | batches=56/57 | elapsed=0.2s
prebuild_worker_progress | task=87 | batches=24/57 | elapsed=0.1s
prebuild_worker_progress | task=83 | batches=57/57 | elapsed=0.2s
prebuild_process_progress | tasks_done=84/128 | task=83 | task_batches=57 | batches=4788 | elapsed=38.6s
prebuild_worker_progress | task=91 | batches=1/57 | elapsed=0.0s
prebuild_worker_progress | task=85 | batches=56/57 | elapsed=0.2s
prebuild_worker_progress | task=88 | batches=16/57 | elapsed=0.1s
prebuild_worker_progress | task=84 | batches=56/57 | elapsed=0.2s
prebuild_worker_progress | task=86 | batches=32/57 | elapsed=0.1s
prebuild_worker_progress | task=85 | batches=57/57 | elapsed=0.2s
prebuild_worker_progress | task=84 | batches=57/57 | elapsed=0.2s
prebuild_process_progress | tasks_done=85/128 | task=85 | task_batches=57 | batches=4845 | elapsed=38.6s
prebuild_worker_progress | task=92 | batches=1/57 | elapsed=0.0s
prebuild_process_progress | tasks_done=86/128 | task=84 | task_batches=57 | batches=4902 | elapsed=38.6s
prebuild_worker_progress | task=93 | batches=1/57 | elapsed=0.0s
prebuild_worker_progress | task=89 | batches=16/57 | elapsed=0.1s
prebuild_worker_progress | task=90 | batches=16/57 | elapsed=0.1s
prebuild_worker_progress | task=87 | batches=32/57 | elapsed=0.1s
prebuild_worker_progress | task=91 | batches=8/57 | elapsed=0.0s
prebuild_worker_progress | task=88 | batches=24/57 | elapsed=0.1s
prebuild_worker_progress | task=86 | batches=40/57 | elapsed=0.1s
prebuild_worker_progress | task=92 | batches=8/57 | elapsed=0.0s
prebuild_worker_progress | task=93 | batches=8/57 | elapsed=0.0s
prebuild_worker_progress | task=89 | batches=24/57 | elapsed=0.1s
prebuild_worker_progress | task=90 | batches=24/57 | elapsed=0.1s
prebuild_worker_progress | task=87 | batches=40/57 | elapsed=0.1s
prebuild_worker_progress | task=91 | batches=16/57 | elapsed=0.1s
prebuild_worker_progress | task=88 | batches=32/57 | elapsed=0.1s
prebuild_worker_progress | task=92 | batches=16/57 | elapsed=0.1s
prebuild_worker_progress | task=86 | batches=48/57 | elapsed=0.2s
prebuild_worker_progress | task=93 | batches=16/57 | elapsed=0.1s
prebuild_worker_progress | task=89 | batches=32/57 | elapsed=0.1s
prebuild_worker_progress | task=90 | batches=32/57 | elapsed=0.1s
prebuild_worker_progress | task=87 | batches=48/57 | elapsed=0.2s
prebuild_worker_progress | task=91 | batches=24/57 | elapsed=0.1s
prebuild_worker_progress | task=88 | batches=40/57 | elapsed=0.1s
prebuild_worker_progress | task=92 | batches=24/57 | elapsed=0.1s
prebuild_worker_progress | task=86 | batches=56/57 | elapsed=0.2s
prebuild_worker_progress | task=93 | batches=24/57 | elapsed=0.1s
prebuild_worker_progress | task=86 | batches=57/57 | elapsed=0.2s
prebuild_process_progress | tasks_done=87/128 | task=86 | task_batches=57 | batches=4959 | elapsed=38.6s
prebuild_worker_progress | task=94 | batches=1/57 | elapsed=0.0s
prebuild_worker_progress | task=89 | batches=40/57 | elapsed=0.1s
prebuild_worker_progress | task=90 | batches=40/57 | elapsed=0.1s
prebuild_worker_progress | task=87 | batches=56/57 | elapsed=0.2s
prebuild_worker_progress | task=91 | batches=32/57 | elapsed=0.1s
prebuild_worker_progress | task=87 | batches=57/57 | elapsed=0.2s
prebuild_process_progress | tasks_done=88/128 | task=87 | task_batches=57 | batches=5016 | elapsed=38.7s
prebuild_worker_progress | task=88 | batches=48/57 | elapsed=0.2s
prebuild_worker_progress | task=95 | batches=1/57 | elapsed=0.0s
prebuild_worker_progress | task=92 | batches=32/57 | elapsed=0.1s
prebuild_worker_progress | task=93 | batches=32/57 | elapsed=0.1s
prebuild_worker_progress | task=94 | batches=8/57 | elapsed=0.0s
prebuild_worker_progress | task=89 | batches=48/57 | elapsed=0.2s
prebuild_worker_progress | task=90 | batches=48/57 | elapsed=0.2s
prebuild_worker_progress | task=91 | batches=40/57 | elapsed=0.1s
prebuild_worker_progress | task=95 | batches=8/57 | elapsed=0.0s
prebuild_worker_progress | task=88 | batches=56/57 | elapsed=0.2s
prebuild_worker_progress | task=88 | batches=57/57 | elapsed=0.2s
prebuild_worker_progress | task=92 | batches=40/57 | elapsed=0.1s
prebuild_worker_progress | task=93 | batches=40/57 | elapsed=0.1s
prebuild_process_progress | tasks_done=89/128 | task=88 | task_batches=57 | batches=5073 | elapsed=38.7s
prebuild_worker_progress | task=96 | batches=1/57 | elapsed=0.0s
prebuild_worker_progress | task=94 | batches=16/57 | elapsed=0.1s
prebuild_worker_progress | task=89 | batches=56/57 | elapsed=0.2s
prebuild_worker_progress | task=90 | batches=56/57 | elapsed=0.2s
prebuild_worker_progress | task=89 | batches=57/57 | elapsed=0.2s
prebuild_worker_progress | task=91 | batches=48/57 | elapsed=0.2s
prebuild_process_progress | tasks_done=90/128 | task=89 | task_batches=57 | batches=5130 | elapsed=38.7s
prebuild_worker_progress | task=90 | batches=57/57 | elapsed=0.2s
prebuild_worker_progress | task=95 | batches=16/57 | elapsed=0.1s
prebuild_worker_progress | task=97 | batches=1/57 | elapsed=0.0s
prebuild_process_progress | tasks_done=91/128 | task=90 | task_batches=57 | batches=5187 | elapsed=38.7s
prebuild_worker_progress | task=98 | batches=1/57 | elapsed=0.0s
prebuild_worker_progress | task=92 | batches=48/57 | elapsed=0.2s
prebuild_worker_progress | task=96 | batches=8/57 | elapsed=0.0s
prebuild_worker_progress | task=93 | batches=48/57 | elapsed=0.2s
prebuild_worker_progress | task=94 | batches=24/57 | elapsed=0.1s
prebuild_worker_progress | task=97 | batches=8/57 | elapsed=0.0s
prebuild_worker_progress | task=91 | batches=56/57 | elapsed=0.2s
prebuild_worker_progress | task=95 | batches=24/57 | elapsed=0.1s
prebuild_worker_progress | task=91 | batches=57/57 | elapsed=0.2s
prebuild_worker_progress | task=98 | batches=8/57 | elapsed=0.0s
prebuild_process_progress | tasks_done=92/128 | task=91 | task_batches=57 | batches=5244 | elapsed=38.7s
prebuild_worker_progress | task=99 | batches=1/57 | elapsed=0.0s
prebuild_worker_progress | task=92 | batches=56/57 | elapsed=0.2s
prebuild_worker_progress | task=96 | batches=16/57 | elapsed=0.1s
prebuild_worker_progress | task=92 | batches=57/57 | elapsed=0.2s
prebuild_worker_progress | task=93 | batches=56/57 | elapsed=0.2s
prebuild_process_progress | tasks_done=93/128 | task=92 | task_batches=57 | batches=5301 | elapsed=38.8s
prebuild_worker_progress | task=93 | batches=57/57 | elapsed=0.2s
prebuild_worker_progress | task=100 | batches=1/57 | elapsed=0.0s
prebuild_worker_progress | task=101 | batches=1/57 | elapsed=0.0s
prebuild_process_progress | tasks_done=94/128 | task=93 | task_batches=57 | batches=5358 | elapsed=38.8s
prebuild_worker_progress | task=94 | batches=32/57 | elapsed=0.1s
prebuild_worker_progress | task=95 | batches=32/57 | elapsed=0.1s
prebuild_worker_progress | task=97 | batches=16/57 | elapsed=0.1s
prebuild_worker_progress | task=98 | batches=16/57 | elapsed=0.1s
prebuild_worker_progress | task=99 | batches=8/57 | elapsed=0.0s
prebuild_worker_progress | task=96 | batches=24/57 | elapsed=0.1s
prebuild_worker_progress | task=100 | batches=8/57 | elapsed=0.0s
prebuild_worker_progress | task=101 | batches=8/57 | elapsed=0.0s
prebuild_worker_progress | task=95 | batches=40/57 | elapsed=0.1s
prebuild_worker_progress | task=94 | batches=40/57 | elapsed=0.1s
prebuild_worker_progress | task=97 | batches=24/57 | elapsed=0.1s
prebuild_worker_progress | task=99 | batches=16/57 | elapsed=0.1s
prebuild_worker_progress | task=98 | batches=24/57 | elapsed=0.1s
prebuild_worker_progress | task=96 | batches=32/57 | elapsed=0.1s
prebuild_worker_progress | task=100 | batches=16/57 | elapsed=0.1s
prebuild_worker_progress | task=101 | batches=16/57 | elapsed=0.1s
prebuild_worker_progress | task=95 | batches=48/57 | elapsed=0.2s
prebuild_worker_progress | task=97 | batches=32/57 | elapsed=0.1s
prebuild_worker_progress | task=94 | batches=48/57 | elapsed=0.2s
prebuild_worker_progress | task=99 | batches=24/57 | elapsed=0.1s
prebuild_worker_progress | task=98 | batches=32/57 | elapsed=0.1s
prebuild_worker_progress | task=96 | batches=40/57 | elapsed=0.1s
prebuild_worker_progress | task=100 | batches=24/57 | elapsed=0.1s
prebuild_worker_progress | task=101 | batches=24/57 | elapsed=0.1s
prebuild_worker_progress | task=95 | batches=56/57 | elapsed=0.2s
prebuild_worker_progress | task=97 | batches=40/57 | elapsed=0.1s
prebuild_worker_progress | task=95 | batches=57/57 | elapsed=0.2s
prebuild_worker_progress | task=99 | batches=32/57 | elapsed=0.1s
prebuild_worker_progress | task=94 | batches=56/57 | elapsed=0.2s
prebuild_process_progress | tasks_done=95/128 | task=95 | task_batches=57 | batches=5415 | elapsed=38.9s
prebuild_worker_progress | task=98 | batches=40/57 | elapsed=0.1s
prebuild_worker_progress | task=102 | batches=1/57 | elapsed=0.0s
prebuild_worker_progress | task=94 | batches=57/57 | elapsed=0.2s
prebuild_worker_progress | task=96 | batches=48/57 | elapsed=0.2s
prebuild_process_progress | tasks_done=96/128 | task=94 | task_batches=57 | batches=5472 | elapsed=38.9s
prebuild_worker_progress | task=100 | batches=32/57 | elapsed=0.1s
prebuild_worker_progress | task=103 | batches=1/57 | elapsed=0.0s
prebuild_worker_progress | task=101 | batches=32/57 | elapsed=0.1s
prebuild_worker_progress | task=97 | batches=48/57 | elapsed=0.2s
prebuild_worker_progress | task=102 | batches=8/57 | elapsed=0.0s
prebuild_worker_progress | task=99 | batches=40/57 | elapsed=0.1s
prebuild_worker_progress | task=98 | batches=48/57 | elapsed=0.2s
prebuild_worker_progress | task=96 | batches=56/57 | elapsed=0.2s
prebuild_worker_progress | task=103 | batches=8/57 | elapsed=0.0s
prebuild_worker_progress | task=96 | batches=57/57 | elapsed=0.2s
prebuild_worker_progress | task=100 | batches=40/57 | elapsed=0.1s
prebuild_process_progress | tasks_done=97/128 | task=96 | task_batches=57 | batches=5529 | elapsed=38.9s
prebuild_worker_progress | task=104 | batches=1/57 | elapsed=0.0s
prebuild_worker_progress | task=101 | batches=40/57 | elapsed=0.1s
prebuild_worker_progress | task=97 | batches=56/57 | elapsed=0.2s
prebuild_worker_progress | task=102 | batches=16/57 | elapsed=0.1s
prebuild_worker_progress | task=99 | batches=48/57 | elapsed=0.2s
prebuild_worker_progress | task=97 | batches=57/57 | elapsed=0.2s
prebuild_process_progress | tasks_done=98/128 | task=97 | task_batches=57 | batches=5586 | elapsed=38.9s
prebuild_worker_progress | task=98 | batches=56/57 | elapsed=0.2s
prebuild_worker_progress | task=105 | batches=1/57 | elapsed=0.0s
prebuild_worker_progress | task=98 | batches=57/57 | elapsed=0.2s
prebuild_worker_progress | task=100 | batches=48/57 | elapsed=0.2s
prebuild_worker_progress | task=103 | batches=16/57 | elapsed=0.1sprebuild_worker_progress | task=104 | batches=8/57 | elapsed=0.0s

prebuild_process_progress | tasks_done=99/128 | task=98 | task_batches=57 | batches=5643 | elapsed=38.9s
prebuild_worker_progress | task=106 | batches=1/57 | elapsed=0.0s
prebuild_worker_progress | task=101 | batches=48/57 | elapsed=0.2s
prebuild_worker_progress | task=102 | batches=24/57 | elapsed=0.1s
prebuild_worker_progress | task=99 | batches=56/57 | elapsed=0.2s
prebuild_worker_progress | task=105 | batches=8/57 | elapsed=0.0s
prebuild_worker_progress | task=99 | batches=57/57 | elapsed=0.2s
prebuild_process_progress | tasks_done=100/128 | task=99 | task_batches=57 | batches=5700 | elapsed=38.9s
prebuild_worker_progress | task=107 | batches=1/57 | elapsed=0.0s
prebuild_worker_progress | task=106 | batches=8/57 | elapsed=0.0s
prebuild_worker_progress | task=104 | batches=16/57 | elapsed=0.1s
prebuild_worker_progress | task=100 | batches=56/57 | elapsed=0.2s
prebuild_worker_progress | task=103 | batches=24/57 | elapsed=0.1s
prebuild_worker_progress | task=100 | batches=57/57 | elapsed=0.2s
prebuild_process_progress | tasks_done=101/128 | task=100 | task_batches=57 | batches=5757 | elapsed=39.0s
prebuild_worker_progress | task=101 | batches=56/57 | elapsed=0.2s
prebuild_worker_progress | task=108 | batches=1/57 | elapsed=0.0s
prebuild_worker_progress | task=101 | batches=57/57 | elapsed=0.2s
prebuild_worker_progress | task=102 | batches=32/57 | elapsed=0.1s
prebuild_process_progress | tasks_done=102/128 | task=101 | task_batches=57 | batches=5814 | elapsed=39.0s
prebuild_worker_progress | task=109 | batches=1/57 | elapsed=0.0s
prebuild_worker_progress | task=105 | batches=16/57 | elapsed=0.1s
prebuild_worker_progress | task=107 | batches=8/57 | elapsed=0.0s
prebuild_worker_progress | task=104 | batches=24/57 | elapsed=0.1s
prebuild_worker_progress | task=106 | batches=16/57 | elapsed=0.1s
prebuild_worker_progress | task=103 | batches=32/57 | elapsed=0.1s
prebuild_worker_progress | task=108 | batches=8/57 | elapsed=0.0s
prebuild_worker_progress | task=109 | batches=8/57 | elapsed=0.0s
prebuild_worker_progress | task=102 | batches=40/57 | elapsed=0.1s
prebuild_worker_progress | task=105 | batches=24/57 | elapsed=0.1s
prebuild_worker_progress | task=107 | batches=16/57 | elapsed=0.1s
prebuild_worker_progress | task=104 | batches=32/57 | elapsed=0.1s
prebuild_worker_progress | task=106 | batches=24/57 | elapsed=0.1s
prebuild_worker_progress | task=108 | batches=16/57 | elapsed=0.1s
prebuild_worker_progress | task=103 | batches=40/57 | elapsed=0.1s
prebuild_worker_progress | task=102 | batches=48/57 | elapsed=0.2s
prebuild_worker_progress | task=109 | batches=16/57 | elapsed=0.1s
prebuild_worker_progress | task=105 | batches=32/57 | elapsed=0.1s
prebuild_worker_progress | task=107 | batches=24/57 | elapsed=0.1s
prebuild_worker_progress | task=104 | batches=40/57 | elapsed=0.1s
prebuild_worker_progress | task=106 | batches=32/57 | elapsed=0.1s
prebuild_worker_progress | task=108 | batches=24/57 | elapsed=0.1s
prebuild_worker_progress | task=103 | batches=48/57 | elapsed=0.2s
prebuild_worker_progress | task=102 | batches=56/57 | elapsed=0.2s
prebuild_worker_progress | task=109 | batches=24/57 | elapsed=0.1s
prebuild_worker_progress | task=102 | batches=57/57 | elapsed=0.2s
prebuild_worker_progress | task=105 | batches=40/57 | elapsed=0.1s
prebuild_process_progress | tasks_done=103/128 | task=102 | task_batches=57 | batches=5871 | elapsed=39.0s
prebuild_worker_progress | task=107 | batches=32/57 | elapsed=0.1s
prebuild_worker_progress | task=110 | batches=1/57 | elapsed=0.0s
prebuild_worker_progress | task=104 | batches=48/57 | elapsed=0.2s
prebuild_worker_progress | task=106 | batches=40/57 | elapsed=0.1s
prebuild_worker_progress | task=108 | batches=32/57 | elapsed=0.1s
prebuild_worker_progress | task=103 | batches=56/57 | elapsed=0.2s
prebuild_worker_progress | task=103 | batches=57/57 | elapsed=0.2s
prebuild_worker_progress | task=109 | batches=32/57 | elapsed=0.1s
prebuild_worker_progress | task=110 | batches=8/57 | elapsed=0.0s
prebuild_process_progress | tasks_done=104/128 | task=103 | task_batches=57 | batches=5928 | elapsed=39.1s
prebuild_worker_progress | task=111 | batches=1/57 | elapsed=0.0s
prebuild_worker_progress | task=107 | batches=40/57 | elapsed=0.1s
prebuild_worker_progress | task=105 | batches=48/57 | elapsed=0.2s
prebuild_worker_progress | task=104 | batches=56/57 | elapsed=0.2s
prebuild_worker_progress | task=104 | batches=57/57 | elapsed=0.2s
prebuild_worker_progress | task=108 | batches=40/57 | elapsed=0.1s
prebuild_worker_progress | task=106 | batches=48/57 | elapsed=0.2s
prebuild_process_progress | tasks_done=105/128 | task=104 | task_batches=57 | batches=5985 | elapsed=39.1s
prebuild_worker_progress | task=112 | batches=1/57 | elapsed=0.0s
prebuild_worker_progress | task=109 | batches=40/57 | elapsed=0.1s
prebuild_worker_progress | task=111 | batches=8/57 | elapsed=0.0s
prebuild_worker_progress | task=110 | batches=16/57 | elapsed=0.1s
prebuild_worker_progress | task=107 | batches=48/57 | elapsed=0.2s
prebuild_worker_progress | task=105 | batches=56/57 | elapsed=0.2s
prebuild_worker_progress | task=105 | batches=57/57 | elapsed=0.2s
prebuild_process_progress | tasks_done=106/128 | task=105 | task_batches=57 | batches=6042 | elapsed=39.1s
prebuild_worker_progress | task=113 | batches=1/57 | elapsed=0.0s
prebuild_worker_progress | task=108 | batches=48/57 | elapsed=0.2s
prebuild_worker_progress | task=106 | batches=56/57 | elapsed=0.2s
prebuild_worker_progress | task=112 | batches=8/57 | elapsed=0.0s
prebuild_worker_progress | task=106 | batches=57/57 | elapsed=0.2s
prebuild_process_progress | tasks_done=107/128 | task=106 | task_batches=57 | batches=6099 | elapsed=39.1s
prebuild_worker_progress | task=114 | batches=1/57 | elapsed=0.0s
prebuild_worker_progress | task=109 | batches=48/57 | elapsed=0.2s
prebuild_worker_progress | task=111 | batches=16/57 | elapsed=0.1s
prebuild_worker_progress | task=110 | batches=24/57 | elapsed=0.1s
prebuild_worker_progress | task=107 | batches=56/57 | elapsed=0.2s
prebuild_worker_progress | task=107 | batches=57/57 | elapsed=0.2s
prebuild_process_progress | tasks_done=108/128 | task=107 | task_batches=57 | batches=6156 | elapsed=39.1s
prebuild_worker_progress | task=113 | batches=8/57 | elapsed=0.0s
prebuild_worker_progress | task=115 | batches=1/57 | elapsed=0.0s
prebuild_worker_progress | task=108 | batches=56/57 | elapsed=0.2s
prebuild_worker_progress | task=112 | batches=16/57 | elapsed=0.1s
prebuild_worker_progress | task=108 | batches=57/57 | elapsed=0.2s
prebuild_worker_progress | task=114 | batches=8/57 | elapsed=0.0s
prebuild_process_progress | tasks_done=109/128 | task=108 | task_batches=57 | batches=6213 | elapsed=39.1s
prebuild_worker_progress | task=116 | batches=1/57 | elapsed=0.0s
prebuild_worker_progress | task=109 | batches=56/57 | elapsed=0.2s
prebuild_worker_progress | task=110 | batches=32/57 | elapsed=0.1s
prebuild_worker_progress | task=111 | batches=24/57 | elapsed=0.1s
prebuild_worker_progress | task=109 | batches=57/57 | elapsed=0.2s
prebuild_process_progress | tasks_done=110/128 | task=109 | task_batches=57 | batches=6270 | elapsed=39.2s
prebuild_worker_progress | task=115 | batches=8/57 | elapsed=0.0s
prebuild_worker_progress | task=117 | batches=1/57 | elapsed=0.0s
prebuild_worker_progress | task=113 | batches=16/57 | elapsed=0.1s
prebuild_worker_progress | task=112 | batches=24/57 | elapsed=0.1s
prebuild_worker_progress | task=116 | batches=8/57 | elapsed=0.0s
prebuild_worker_progress | task=114 | batches=16/57 | elapsed=0.1s
prebuild_worker_progress | task=110 | batches=40/57 | elapsed=0.1s
prebuild_worker_progress | task=111 | batches=32/57 | elapsed=0.1s
prebuild_worker_progress | task=117 | batches=8/57 | elapsed=0.0s
prebuild_worker_progress | task=115 | batches=16/57 | elapsed=0.1s
prebuild_worker_progress | task=113 | batches=24/57 | elapsed=0.1s
prebuild_worker_progress | task=116 | batches=16/57 | elapsed=0.1s
prebuild_worker_progress | task=112 | batches=32/57 | elapsed=0.1s
prebuild_worker_progress | task=114 | batches=24/57 | elapsed=0.1s
prebuild_worker_progress | task=110 | batches=48/57 | elapsed=0.2s
prebuild_worker_progress | task=111 | batches=40/57 | elapsed=0.1s
prebuild_worker_progress | task=117 | batches=16/57 | elapsed=0.1s
prebuild_worker_progress | task=115 | batches=24/57 | elapsed=0.1s
prebuild_worker_progress | task=113 | batches=32/57 | elapsed=0.1s
prebuild_worker_progress | task=116 | batches=24/57 | elapsed=0.1s
prebuild_worker_progress | task=112 | batches=40/57 | elapsed=0.1s
prebuild_worker_progress | task=114 | batches=32/57 | elapsed=0.1s
prebuild_worker_progress | task=110 | batches=56/57 | elapsed=0.2s
prebuild_worker_progress | task=111 | batches=48/57 | elapsed=0.2s
prebuild_worker_progress | task=110 | batches=57/57 | elapsed=0.2s
prebuild_worker_progress | task=117 | batches=24/57 | elapsed=0.1s
prebuild_worker_progress | task=115 | batches=32/57 | elapsed=0.1s
prebuild_process_progress | tasks_done=111/128 | task=110 | task_batches=57 | batches=6327 | elapsed=39.2s
prebuild_worker_progress | task=118 | batches=1/57 | elapsed=0.0s
prebuild_worker_progress | task=113 | batches=40/57 | elapsed=0.1s
prebuild_worker_progress | task=116 | batches=32/57 | elapsed=0.1s
prebuild_worker_progress | task=112 | batches=48/57 | elapsed=0.2s
prebuild_worker_progress | task=114 | batches=40/57 | elapsed=0.1s
prebuild_worker_progress | task=111 | batches=56/57 | elapsed=0.2s
prebuild_worker_progress | task=118 | batches=8/57 | elapsed=0.0s
prebuild_worker_progress | task=117 | batches=32/57 | elapsed=0.1s
prebuild_worker_progress | task=115 | batches=40/57 | elapsed=0.1s
prebuild_worker_progress | task=111 | batches=57/57 | elapsed=0.2s
prebuild_worker_progress | task=113 | batches=48/57 | elapsed=0.2s
prebuild_process_progress | tasks_done=112/128 | task=111 | task_batches=57 | batches=6384 | elapsed=39.3s
prebuild_worker_progress | task=119 | batches=1/57 | elapsed=0.0s
prebuild_worker_progress | task=116 | batches=40/57 | elapsed=0.1s
prebuild_worker_progress | task=112 | batches=56/57 | elapsed=0.2s
prebuild_worker_progress | task=114 | batches=48/57 | elapsed=0.2s
prebuild_worker_progress | task=112 | batches=57/57 | elapsed=0.2s
prebuild_process_progress | tasks_done=113/128 | task=112 | task_batches=57 | batches=6441 | elapsed=39.3s
prebuild_worker_progress | task=118 | batches=16/57 | elapsed=0.1s
prebuild_worker_progress | task=120 | batches=1/57 | elapsed=0.0s
prebuild_worker_progress | task=115 | batches=48/57 | elapsed=0.2s
prebuild_worker_progress | task=117 | batches=40/57 | elapsed=0.1s
prebuild_worker_progress | task=119 | batches=8/57 | elapsed=0.0s
prebuild_worker_progress | task=113 | batches=56/57 | elapsed=0.2s
prebuild_worker_progress | task=113 | batches=57/57 | elapsed=0.2s
prebuild_worker_progress | task=116 | batches=48/57 | elapsed=0.2s
prebuild_worker_progress | task=121 | batches=1/57 | elapsed=0.0s
prebuild_worker_progress | task=114 | batches=56/57 | elapsed=0.2s
prebuild_worker_progress | task=120 | batches=8/57 | elapsed=0.0s
prebuild_worker_progress | task=114 | batches=57/57 | elapsed=0.2s
prebuild_worker_progress | task=118 | batches=24/57 | elapsed=0.1s
prebuild_worker_progress | task=115 | batches=56/57 | elapsed=0.2s
prebuild_worker_progress | task=117 | batches=48/57 | elapsed=0.2s
prebuild_worker_progress | task=122 | batches=1/57 | elapsed=0.0s
prebuild_worker_progress | task=115 | batches=57/57 | elapsed=0.2s
prebuild_worker_progress | task=119 | batches=16/57 | elapsed=0.1s
prebuild_worker_progress | task=123 | batches=1/57 | elapsed=0.0s
prebuild_worker_progress | task=121 | batches=8/57 | elapsed=0.0s
prebuild_worker_progress | task=116 | batches=56/57 | elapsed=0.2s
prebuild_worker_progress | task=116 | batches=57/57 | elapsed=0.2s
prebuild_worker_progress | task=124 | batches=1/57 | elapsed=0.0s
prebuild_worker_progress | task=120 | batches=16/57 | elapsed=0.1s
prebuild_worker_progress | task=118 | batches=32/57 | elapsed=0.1s
prebuild_worker_progress | task=122 | batches=8/57 | elapsed=0.0s
prebuild_worker_progress | task=117 | batches=56/57 | elapsed=0.2s
prebuild_worker_progress | task=123 | batches=8/57 | elapsed=0.0s
prebuild_worker_progress | task=117 | batches=57/57 | elapsed=0.2s
prebuild_worker_progress | task=119 | batches=24/57 | elapsed=0.1s
prebuild_process_progress | tasks_done=114/128 | task=113 | task_batches=57 | batches=6498 | elapsed=39.4s
prebuild_process_progress | tasks_done=115/128 | task=114 | task_batches=57 | batches=6555 | elapsed=39.4s
prebuild_worker_progress | task=125 | batches=1/57 | elapsed=0.0s
prebuild_process_progress | tasks_done=116/128 | task=115 | task_batches=57 | batches=6612 | elapsed=39.4sprebuild_worker_progress | task=121 | batches=16/57 | elapsed=0.1s

prebuild_process_progress | tasks_done=117/128 | task=116 | task_batches=57 | batches=6669 | elapsed=39.4s
prebuild_process_progress | tasks_done=118/128 | task=117 | task_batches=57 | batches=6726 | elapsed=39.4s
prebuild_worker_progress | task=124 | batches=8/57 | elapsed=0.0s
prebuild_worker_progress | task=120 | batches=24/57 | elapsed=0.1s
prebuild_worker_progress | task=118 | batches=40/57 | elapsed=0.1s
prebuild_worker_progress | task=122 | batches=16/57 | elapsed=0.1s
prebuild_worker_progress | task=123 | batches=16/57 | elapsed=0.1s
prebuild_worker_progress | task=119 | batches=32/57 | elapsed=0.1s
prebuild_worker_progress | task=125 | batches=8/57 | elapsed=0.0s
prebuild_worker_progress | task=121 | batches=24/57 | elapsed=0.1s
prebuild_worker_progress | task=124 | batches=16/57 | elapsed=0.1s
prebuild_worker_progress | task=120 | batches=32/57 | elapsed=0.1s
prebuild_worker_progress | task=118 | batches=48/57 | elapsed=0.2s
prebuild_worker_progress | task=122 | batches=24/57 | elapsed=0.1s
prebuild_worker_progress | task=123 | batches=24/57 | elapsed=0.1s
prebuild_worker_progress | task=119 | batches=40/57 | elapsed=0.1s
prebuild_worker_progress | task=125 | batches=16/57 | elapsed=0.1s
prebuild_worker_progress | task=121 | batches=32/57 | elapsed=0.1s
prebuild_worker_progress | task=124 | batches=24/57 | elapsed=0.1s
prebuild_worker_progress | task=120 | batches=40/57 | elapsed=0.1s
prebuild_worker_progress | task=118 | batches=56/57 | elapsed=0.2s
prebuild_worker_progress | task=118 | batches=57/57 | elapsed=0.2s
prebuild_worker_progress | task=122 | batches=32/57 | elapsed=0.1s
prebuild_process_progress | tasks_done=119/128 | task=118 | task_batches=57 | batches=6783 | elapsed=39.4s
prebuild_worker_progress | task=126 | batches=1/57 | elapsed=0.0s
prebuild_worker_progress | task=123 | batches=32/57 | elapsed=0.1s
prebuild_worker_progress | task=119 | batches=48/57 | elapsed=0.2s
prebuild_worker_progress | task=125 | batches=24/57 | elapsed=0.1s
prebuild_worker_progress | task=121 | batches=40/57 | elapsed=0.1s
prebuild_worker_progress | task=124 | batches=32/57 | elapsed=0.1s
prebuild_worker_progress | task=120 | batches=48/57 | elapsed=0.2s
prebuild_worker_progress | task=126 | batches=8/57 | elapsed=0.0s
prebuild_worker_progress | task=122 | batches=40/57 | elapsed=0.1s
prebuild_worker_progress | task=123 | batches=40/57 | elapsed=0.1s
prebuild_worker_progress | task=125 | batches=32/57 | elapsed=0.1s
prebuild_worker_progress | task=119 | batches=56/57 | elapsed=0.2s
prebuild_worker_progress | task=121 | batches=48/57 | elapsed=0.2s
prebuild_worker_progress | task=119 | batches=57/57 | elapsed=0.2s
prebuild_worker_progress | task=124 | batches=40/57 | elapsed=0.1s
prebuild_process_progress | tasks_done=120/128 | task=119 | task_batches=57 | batches=6840 | elapsed=39.5s
prebuild_worker_progress | task=127 | batches=1/53 | elapsed=0.0s
prebuild_worker_progress | task=120 | batches=56/57 | elapsed=0.2s
prebuild_worker_progress | task=120 | batches=57/57 | elapsed=0.2s
prebuild_worker_progress | task=126 | batches=16/57 | elapsed=0.1s
prebuild_process_progress | tasks_done=121/128 | task=120 | task_batches=57 | batches=6897 | elapsed=39.5s
prebuild_worker_progress | task=122 | batches=48/57 | elapsed=0.2s
prebuild_worker_progress | task=123 | batches=48/57 | elapsed=0.2s
prebuild_worker_progress | task=125 | batches=40/57 | elapsed=0.1s
prebuild_worker_progress | task=121 | batches=56/57 | elapsed=0.2s
prebuild_worker_progress | task=124 | batches=48/57 | elapsed=0.2s
prebuild_worker_progress | task=127 | batches=8/53 | elapsed=0.0s
prebuild_worker_progress | task=121 | batches=57/57 | elapsed=0.2s
prebuild_process_progress | tasks_done=122/128 | task=121 | task_batches=57 | batches=6954 | elapsed=39.5s
prebuild_worker_progress | task=126 | batches=24/57 | elapsed=0.1s
prebuild_worker_progress | task=123 | batches=56/57 | elapsed=0.2s
prebuild_worker_progress | task=122 | batches=56/57 | elapsed=0.2s
prebuild_worker_progress | task=123 | batches=57/57 | elapsed=0.2s
prebuild_worker_progress | task=122 | batches=57/57 | elapsed=0.2s
prebuild_worker_progress | task=125 | batches=48/57 | elapsed=0.2s
prebuild_process_progress | tasks_done=123/128 | task=123 | task_batches=57 | batches=7011 | elapsed=39.5s
prebuild_process_progress | tasks_done=124/128 | task=122 | task_batches=57 | batches=7068 | elapsed=39.5s
prebuild_worker_progress | task=124 | batches=56/57 | elapsed=0.2s
prebuild_worker_progress | task=127 | batches=16/53 | elapsed=0.1s
prebuild_worker_progress | task=124 | batches=57/57 | elapsed=0.2s
prebuild_process_progress | tasks_done=125/128 | task=124 | task_batches=57 | batches=7125 | elapsed=39.5s
prebuild_worker_progress | task=126 | batches=32/57 | elapsed=0.1s
prebuild_worker_progress | task=125 | batches=56/57 | elapsed=0.2s
prebuild_worker_progress | task=125 | batches=57/57 | elapsed=0.2s
prebuild_process_progress | tasks_done=126/128 | task=125 | task_batches=57 | batches=7182 | elapsed=39.6s
prebuild_worker_progress | task=127 | batches=24/53 | elapsed=0.1s
prebuild_worker_progress | task=126 | batches=40/57 | elapsed=0.1s
prebuild_worker_progress | task=127 | batches=32/53 | elapsed=0.1s
prebuild_worker_progress | task=126 | batches=48/57 | elapsed=0.2s
prebuild_worker_progress | task=127 | batches=40/53 | elapsed=0.1s
prebuild_worker_progress | task=126 | batches=56/57 | elapsed=0.2s
prebuild_worker_progress | task=126 | batches=57/57 | elapsed=0.2s
prebuild_process_progress | tasks_done=127/128 | task=126 | task_batches=57 | batches=7239 | elapsed=39.6s
prebuild_worker_progress | task=127 | batches=48/53 | elapsed=0.2s
prebuild_worker_progress | task=127 | batches=53/53 | elapsed=0.2s
prebuild_process_progress | tasks_done=128/128 | task=127 | task_batches=53 | batches=7292 | elapsed=39.7s
startup | prebuild_train_batches_done | batches=7292 | seconds=44.2
startup | model_init_done
model=causal_memory_doc | params=13,678,885 | dim=384 | seq_len=512 | s_window=512 | s_microbatch_size=0 | scan_backend=auto | scan_checkpoint_chunk_size=0 | memory_slots=[384, 96, 24] | memory_update_intervals=[1, 2, 4] | knowledge_nodes=0 | memory_train_mode=dense | memory_eval_mode=dense | eval_topk=16 | direction_only_values=True | feed_forward_layers=False | memory_feed_forward_layers=False | disable_memory=True | disable_memory_read=False | disable_memory_propagation=False | feed_forward_hidden_mult=2 | optimizer=adamw_fused | checkpoint_sequence=False | checkpoint_prediction=False
native_runtime | fused_training=True | fused_training_checkpoint_stride=0 | scan_backward_cuda=False | diagonal_dense_prop_cuda=False | compile_model=False | compile_mode=reduce-overhead | dense_profile=False
curriculum_batches | stage1=batch512/ga4 | stage2=batch512/ga4 | stage3=batch512/ga4
curriculum_spans | stage1=1 | stage2=1 | stage3=1
bucket_summary | train={'wiki': 1773094, 'code': 26905} | val={'wiki': 197011, 'code': 2990}
optimizer_groups | model:count=13,678,885,lr_scale=1.0000
startup | main_optimizer_done
startup | batcher_reused_prebuilt
flat_preload_cache_override | max_loaded_shards=8 -> 0
flat_preload_start | shards=40
flat_preload_done | shards=40 | seconds=6.5
startup | prebuilt_provider_done | batches=7292
curriculum | step=1 | stage=stage1 | span=1 | batch_size=512 | grad_accum_steps=4 | freeze_memory=True | freeze_propagation=True | freeze_skip=True | bucket_weights={mixed_dialogue:1.000, arxiv:1.000, pubmed:1.000, dialogue:1.000, wiki:1.000, code:1.000, math:1.000, docs:1.000}
progress | step=    1/7292 | stage=stage1 | span=1 | train_loss=9.7322 | lr=0.0001 | cpu_batch_ms=6.1 | prefetch_q=7291 | noisy_rate=0.0000 | noise_rms=0.000e+00 | elapsed=2.3s
progress | step=   25/7292 | stage=stage1 | span=1 | train_loss=9.3974 | lr=0.0001 | cpu_batch_ms=6.1 | prefetch_q=7267 | noisy_rate=0.0000 | noise_rms=0.000e+00 | elapsed=30.4s
progress | step=   50/7292 | stage=stage1 | span=1 | train_loss=9.0342 | lr=0.0001 | cpu_batch_ms=6.1 | prefetch_q=7242 | noisy_rate=0.0000 | noise_rms=0.000e+00 | elapsed=60.7s
progress | step=   75/7292 | stage=stage1 | span=1 | train_loss=8.8034 | lr=0.0001 | cpu_batch_ms=6.1 | prefetch_q=7217 | noisy_rate=0.0000 | noise_rms=0.000e+00 | elapsed=91.2s
progress | step=  100/7292 | stage=stage1 | span=1 | train_loss=8.5980 | lr=0.0001 | cpu_batch_ms=6.1 | prefetch_q=7192 | noisy_rate=0.0000 | noise_rms=0.000e+00 | elapsed=122.9s
progress | step=  125/7292 | stage=stage1 | span=1 | train_loss=8.3928 | lr=0.0001 | cpu_batch_ms=6.1 | prefetch_q=7167 | noisy_rate=0.0000 | noise_rms=0.000e+00 | elapsed=152.8s
progress | step=  150/7292 | stage=stage1 | span=1 | train_loss=8.2191 | lr=0.0001 | cpu_batch_ms=6.1 | prefetch_q=7142 | noisy_rate=0.0000 | noise_rms=0.000e+00 | elapsed=183.5s
progress | step=  175/7292 | stage=stage1 | span=1 | train_loss=8.0869 | lr=0.0001 | cpu_batch_ms=6.1 | prefetch_q=7117 | noisy_rate=0.0000 | noise_rms=0.000e+00 | elapsed=214.3s
progress | step=  200/7292 | stage=stage1 | span=1 | train_loss=7.9588 | lr=0.0001 | cpu_batch_ms=6.1 | prefetch_q=7092 | noisy_rate=0.0000 | noise_rms=0.000e+00 | elapsed=246.1s
progress | step=  225/7292 | stage=stage1 | span=1 | train_loss=7.8190 | lr=0.0001 | cpu_batch_ms=6.1 | prefetch_q=7067 | noisy_rate=0.0000 | noise_rms=0.000e+00 | elapsed=276.0s
