[round2] rank=1 trial=29 value=1.0625 run_name=round2_t029_lnpre_av10_as005_sin05_w32_t07_k2_wu2_lr00004
using device: cuda
Warning: You are sending unauthenticated requests to the HF Hub. Please set a HF_TOKEN to enable higher rate limits and faster downloads.
corpus=hf_dataset=wikitext:train | chars=1,000,000 | samples=2,117 | files=0 | truncated=True
tokenizer=subword/bpe | tokenizer_vocab=1,024 | train_tokens=333,216 | val_tokens=37,024
tokenizer_model=/workspace/Jakal-Net/artifacts/tokenizers/wiki1m_subword1024_round1.model
session_dir=artifacts/training_runs/20260414_113641_round2-t029-lnpre-av10-as005-sin05-w32-t07-k2-wu2-lr00004
experiment=custom | params=37,909,686 | dim=384 | warmup=2 | stages=5/5/0 | refine=3 | route_topk=2
schedule_steps=640 | approx_epochs=0.002 | steps_per_epoch=332,704 | batch_size=1 | objective=last_token
progress | experiment=custom | step=    1/640   | epoch=0.000 |   0.2% | minibatch_loss=7.4375 | elapsed=1.9s
progress | experiment=custom | step=   80/640   | epoch=0.000 |  12.5% | minibatch_loss=8.0000 | elapsed=45.8s
progress | experiment=custom | step=  160/640   | epoch=0.000 |  25.0% | minibatch_loss=9.1875 | elapsed=89.8s
progress | experiment=custom | step=  240/640   | epoch=0.001 |  37.5% | minibatch_loss=5.9375 | elapsed=133.8s
progress | experiment=custom | step=  320/640   | epoch=0.001 |  50.0% | minibatch_loss=6.0312 | elapsed=177.9s
progress | experiment=custom | step=  400/640   | epoch=0.001 |  62.5% | minibatch_loss=5.5000 | elapsed=221.7s
progress | experiment=custom | step=  480/640   | epoch=0.001 |  75.0% | minibatch_loss=6.1250 | elapsed=266.1s
progress | experiment=custom | step=  560/640   | epoch=0.002 |  87.5% | minibatch_loss=7.2812 | elapsed=310.4s
progress | experiment=custom | step=  640/640   | epoch=0.002 | 100.0% | minibatch_loss=9.2500 | elapsed=354.4s
eval 01 | step=    1 | epoch=0.000 | train_loss=7.4922 | train_ppl=1793.97 | val_loss=7.5391 | val_ppl=1880.07
eval 02 | step=   80 | epoch=0.000 | train_loss=8.2969 | train_ppl=4011.32 | val_loss=7.6172 | val_ppl=2032.84
eval 03 | step=  160 | epoch=0.000 | train_loss=6.6953 | train_ppl=808.61 | val_loss=4.9492 | val_ppl=141.06
eval 04 | step=  240 | epoch=0.001 | train_loss=6.5391 | train_ppl=691.64 | val_loss=7.1250 | val_ppl=1242.65
eval 05 | step=  320 | epoch=0.001 | train_loss=7.7734 | train_ppl=2376.63 | val_loss=7.3281 | val_ppl=1522.52
eval 06 | step=  400 | epoch=0.001 | train_loss=6.7344 | train_ppl=840.82 | val_loss=8.6328 | val_ppl=5612.84
eval 07 | step=  480 | epoch=0.001 | train_loss=6.9336 | train_ppl=1026.18 | val_loss=8.2656 | val_ppl=3887.90
eval 08 | step=  560 | epoch=0.002 | train_loss=5.3594 | train_ppl=212.59 | val_loss=7.6641 | val_ppl=2130.39
eval 09 | step=  640 | epoch=0.002 | train_loss=7.3594 | train_ppl=1570.85 | val_loss=5.9141 | val_ppl=370.21

--- prompt ---
= Valkyria Chronicles III = Senj ⁇  no Valkyria 3 : Unrecorded Chronicles ( Japanese :  ⁇ 3 , lit . Valkyria of the Battlefield 3 ) , commonly referred to as Valkyria Chronicles III outside Japan , is a tactical role @-@ playing video game developed by Sega and Media.Vision for the PlayStation Portable . Released in January 2011 in Japan , it is the third game in the Valkyria series . Employing the same fusion of tactical and real @-@ time gameplay as its predecessors , the story runs parallel to the first game and follows the " Nameless " , a penal military unit serving the nation of Gallia during the Second Europan War who perform secret black operations and are pitted against the Imperial unit " Calamaty Raven " . The game began development in 2010 , carrying over a large portion of the work done on Valkyria Chronicles II . While it retained the standard features of the series , it also underwent multiple adjustments , such as making the game more forgiving for series newcomers . Character designer Raita Honjou and composer Hitoshi Sakimoto both returned from previous entries , along with Valkyria Chronicles II director Takeshi Ozawa . A large team of writers handled the script . The game 's opening theme was sung by May 'n . It met with positive sales in Japan , and was praised by both Japanese and western critics . After release , it received downl

--- sample ---
= Valkyria Chronicles III = Senj ⁇  no Valkyria 3 : Unrecorded Chronicles ( Japanese :  ⁇ 3 , lit . Valkyria of the Battlefield 3 ) , commonly referred to as Valkyria Chronicles III outside Japan , is a tactical role @-@ playing video game developed by Sega and Media.Vision for the PlayStation Portable . Released in January 2011 in Japan , it is the third game in the Valkyria series . Employing the same fusion of tactical and real @-@ time gameplay as its predecessors , the story runs parallel to the first game and follows the " Nameless " , a penal military unit serving the nation of Gallia during the Second Europan War who perform secret black operations and are pitted against the Imperial unit " Calamaty Raven " . The game began development in 2010 , carrying over a large portion of the work done on Valkyria Chronicles II . While it retained the standard features of the series , it also underwent multiple adjustments , such as making the game more forgiving for series newcomers . Character designer Raita Honjou and composer Hitoshi Sakimoto both returned from previous entries , along with Valkyria Chronicles II director Takeshi Ozawa . A large team of writers handled the script . The game 's opening theme was sung by May 'n . It met with positive sales in Japan , and was praised by both Japanese and western critics . After release , it received downl as as as as as as as as as as as as as as as as as as as as as as as as as as as as as as as as as as as as as as as as as as as as as as as as as as as as as as as as as as as as as as as as as as as as as as as as as as as as as as as as

artifacts=artifacts/training_runs/20260414_113641_round2-t029-lnpre-av10-as005-sin05-w32-t07-k2-wu2-lr00004/custom
tensorboard=artifacts/tensorboard/dim384_round2_top5_640/20260414_113641_round2-t029-lnpre-av10-as005-sin05-w32-t07-k2-wu2-lr00004/custom
[round2] rank=2 trial=27 value=2.625 run_name=round2_t027_rmspost_av075_as01_sin05_w16_t10_k8_wu3_lr00004
using device: cuda
Warning: You are sending unauthenticated requests to the HF Hub. Please set a HF_TOKEN to enable higher rate limits and faster downloads.
corpus=hf_dataset=wikitext:train | chars=1,000,000 | samples=2,117 | files=0 | truncated=True
tokenizer=subword/bpe | tokenizer_vocab=1,024 | train_tokens=333,216 | val_tokens=37,024
tokenizer_model=/workspace/Jakal-Net/artifacts/tokenizers/wiki1m_subword1024_round1.model
session_dir=artifacts/training_runs/20260414_114340_round2-t027-rmspost-av075-as01-sin05-w16-t10-k8-wu3-lr00004
experiment=custom | params=37,897,398 | dim=384 | warmup=3 | stages=5/5/0 | refine=3 | route_topk=8
schedule_steps=640 | approx_epochs=0.002 | steps_per_epoch=332,704 | batch_size=1 | objective=last_token
progress | experiment=custom | step=    1/640   | epoch=0.000 |   0.2% | minibatch_loss=6.7500 | elapsed=2.1s
progress | experiment=custom | step=   80/640   | epoch=0.000 |  12.5% | minibatch_loss=8.6250 | elapsed=45.7s
progress | experiment=custom | step=  160/640   | epoch=0.000 |  25.0% | minibatch_loss=8.5625 | elapsed=89.7s
progress | experiment=custom | step=  240/640   | epoch=0.001 |  37.5% | minibatch_loss=5.1250 | elapsed=133.6s
progress | experiment=custom | step=  320/640   | epoch=0.001 |  50.0% | minibatch_loss=5.5312 | elapsed=177.5s
progress | experiment=custom | step=  400/640   | epoch=0.001 |  62.5% | minibatch_loss=5.5000 | elapsed=221.9s
progress | experiment=custom | step=  480/640   | epoch=0.001 |  75.0% | minibatch_loss=8.4375 | elapsed=265.7s
progress | experiment=custom | step=  560/640   | epoch=0.002 |  87.5% | minibatch_loss=6.4375 | elapsed=309.5s
progress | experiment=custom | step=  640/640   | epoch=0.002 | 100.0% | minibatch_loss=5.7812 | elapsed=353.1s
eval 01 | step=    1 | epoch=0.000 | train_loss=6.3438 | train_ppl=568.93 | val_loss=7.2031 | val_ppl=1343.62
eval 02 | step=   80 | epoch=0.000 | train_loss=7.0781 | train_ppl=1185.74 | val_loss=7.3516 | val_ppl=1558.63
eval 03 | step=  160 | epoch=0.000 | train_loss=6.4766 | train_ppl=649.73 | val_loss=6.5312 | val_ppl=686.26
eval 04 | step=  240 | epoch=0.001 | train_loss=8.3750 | train_ppl=4337.27 | val_loss=8.5312 | val_ppl=5070.78
eval 05 | step=  320 | epoch=0.001 | train_loss=7.1016 | train_ppl=1213.86 | val_loss=7.6562 | val_ppl=2113.82
eval 06 | step=  400 | epoch=0.001 | train_loss=6.2812 | train_ppl=534.46 | val_loss=5.6875 | val_ppl=295.15
eval 07 | step=  480 | epoch=0.001 | train_loss=6.0781 | train_ppl=436.21 | val_loss=7.0547 | val_ppl=1158.28
eval 08 | step=  560 | epoch=0.002 | train_loss=6.3516 | train_ppl=573.39 | val_loss=7.0391 | val_ppl=1140.32
eval 09 | step=  640 | epoch=0.002 | train_loss=5.4062 | train_ppl=222.79 | val_loss=7.4297 | val_ppl=1685.28

--- prompt ---
= Valkyria Chronicles III = Senj ⁇  no Valkyria 3 : Unrecorded Chronicles ( Japanese :  ⁇ 3 , lit . Valkyria of the Battlefield 3 ) , commonly referred to as Valkyria Chronicles III outside Japan , is a tactical role @-@ playing video game developed by Sega and Media.Vision for the PlayStation Portable . Released in January 2011 in Japan , it is the third game in the Valkyria series . Employing the same fusion of tactical and real @-@ time gameplay as its predecessors , the story runs parallel to the first game and follows the " Nameless " , a penal military unit serving the nation of Gallia during the Second Europan War who perform secret black operations and are pitted against the Imperial unit " Calamaty Raven " . The game began development in 2010 , carrying over a large portion of the work done on Valkyria Chronicles II . While it retained the standard features of the series , it also underwent multiple adjustments , such as making the game more forgiving for series newcomers . Character designer Raita Honjou and composer Hitoshi Sakimoto both returned from previous entries , along with Valkyria Chronicles II director Takeshi Ozawa . A large team of writers handled the script . The game 's opening theme was sung by May 'n . It met with positive sales in Japan , and was praised by both Japanese and western critics . After release , it received downl

--- sample ---
= Valkyria Chronicles III = Senj ⁇  no Valkyria 3 : Unrecorded Chronicles ( Japanese :  ⁇ 3 , lit . Valkyria of the Battlefield 3 ) , commonly referred to as Valkyria Chronicles III outside Japan , is a tactical role @-@ playing video game developed by Sega and Media.Vision for the PlayStation Portable . Released in January 2011 in Japan , it is the third game in the Valkyria series . Employing the same fusion of tactical and real @-@ time gameplay as its predecessors , the story runs parallel to the first game and follows the " Nameless " , a penal military unit serving the nation of Gallia during the Second Europan War who perform secret black operations and are pitted against the Imperial unit " Calamaty Raven " . The game began development in 2010 , carrying over a large portion of the work done on Valkyria Chronicles II . While it retained the standard features of the series , it also underwent multiple adjustments , such as making the game more forgiving for series newcomers . Character designer Raita Honjou and composer Hitoshi Sakimoto both returned from previous entries , along with Valkyria Chronicles II director Takeshi Ozawa . A large team of writers handled the script . The game 's opening theme was sung by May 'n . It met with positive sales in Japan , and was praised by both Japanese and western critics . After release , it received downl , , , , , , , , , , , , , , , , , , , , , , , , , , , , , , , , , , , , , , , , , , , , , , , , , , , , , , , , , , , , , , , , , , , , , , , , , , , , , , , ,

artifacts=artifacts/training_runs/20260414_114340_round2-t027-rmspost-av075-as01-sin05-w16-t10-k8-wu3-lr00004/custom
tensorboard=artifacts/tensorboard/dim384_round2_top5_640/20260414_114340_round2-t027-rmspost-av075-as01-sin05-w16-t10-k8-wu3-lr00004/custom
[round2] rank=3 trial=23 value=3.078125 run_name=round2_t023_lnpre_av075_as005_sin05_w32_t07_k8_wu3_lr00004
using device: cuda
Warning: You are sending unauthenticated requests to the HF Hub. Please set a HF_TOKEN to enable higher rate limits and faster downloads.
corpus=hf_dataset=wikitext:train | chars=1,000,000 | samples=2,117 | files=0 | truncated=True
tokenizer=subword/bpe | tokenizer_vocab=1,024 | train_tokens=333,216 | val_tokens=37,024
tokenizer_model=/workspace/Jakal-Net/artifacts/tokenizers/wiki1m_subword1024_round1.model
session_dir=artifacts/training_runs/20260414_115037_round2-t023-lnpre-av075-as005-sin05-w32-t07-k8-wu3-lr00004
experiment=custom | params=37,909,686 | dim=384 | warmup=3 | stages=5/5/0 | refine=3 | route_topk=8
schedule_steps=640 | approx_epochs=0.002 | steps_per_epoch=332,704 | batch_size=1 | objective=last_token
progress | experiment=custom | step=    1/640   | epoch=0.000 |   0.2% | minibatch_loss=6.7500 | elapsed=2.0s
progress | experiment=custom | step=   80/640   | epoch=0.000 |  12.5% | minibatch_loss=8.3750 | elapsed=46.4s
progress | experiment=custom | step=  160/640   | epoch=0.000 |  25.0% | minibatch_loss=6.1562 | elapsed=90.8s
progress | experiment=custom | step=  240/640   | epoch=0.001 |  37.5% | minibatch_loss=3.9844 | elapsed=135.4s
progress | experiment=custom | step=  320/640   | epoch=0.001 |  50.0% | minibatch_loss=5.6875 | elapsed=179.6s
progress | experiment=custom | step=  400/640   | epoch=0.001 |  62.5% | minibatch_loss=5.1875 | elapsed=224.7s
progress | experiment=custom | step=  480/640   | epoch=0.001 |  75.0% | minibatch_loss=5.5938 | elapsed=269.3s
progress | experiment=custom | step=  560/640   | epoch=0.002 |  87.5% | minibatch_loss=5.8125 | elapsed=313.8s
progress | experiment=custom | step=  640/640   | epoch=0.002 | 100.0% | minibatch_loss=4.0312 | elapsed=358.1s
eval 01 | step=    1 | epoch=0.000 | train_loss=7.3594 | train_ppl=1570.85 | val_loss=6.9062 | val_ppl=998.50
eval 02 | step=   80 | epoch=0.000 | train_loss=8.7344 | train_ppl=6212.85 | val_loss=7.0820 | val_ppl=1190.38
eval 03 | step=  160 | epoch=0.000 | train_loss=8.1328 | train_ppl=3404.36 | val_loss=6.7461 | val_ppl=850.73
eval 04 | step=  240 | epoch=0.001 | train_loss=7.2070 | train_ppl=1348.88 | val_loss=8.1797 | val_ppl=3567.74
eval 05 | step=  320 | epoch=0.001 | train_loss=6.7188 | train_ppl=827.78 | val_loss=6.0156 | val_ppl=409.78
eval 06 | step=  400 | epoch=0.001 | train_loss=5.6016 | train_ppl=270.85 | val_loss=7.4766 | val_ppl=1766.16
eval 07 | step=  480 | epoch=0.001 | train_loss=6.8906 | train_ppl=983.02 | val_loss=5.7344 | val_ppl=309.32
eval 08 | step=  560 | epoch=0.002 | train_loss=6.5156 | train_ppl=675.62 | val_loss=7.1719 | val_ppl=1302.28
eval 09 | step=  640 | epoch=0.002 | train_loss=9.5000 | train_ppl=13359.73 | val_loss=7.3438 | val_ppl=1546.50

--- prompt ---
= Valkyria Chronicles III = Senj ⁇  no Valkyria 3 : Unrecorded Chronicles ( Japanese :  ⁇ 3 , lit . Valkyria of the Battlefield 3 ) , commonly referred to as Valkyria Chronicles III outside Japan , is a tactical role @-@ playing video game developed by Sega and Media.Vision for the PlayStation Portable . Released in January 2011 in Japan , it is the third game in the Valkyria series . Employing the same fusion of tactical and real @-@ time gameplay as its predecessors , the story runs parallel to the first game and follows the " Nameless " , a penal military unit serving the nation of Gallia during the Second Europan War who perform secret black operations and are pitted against the Imperial unit " Calamaty Raven " . The game began development in 2010 , carrying over a large portion of the work done on Valkyria Chronicles II . While it retained the standard features of the series , it also underwent multiple adjustments , such as making the game more forgiving for series newcomers . Character designer Raita Honjou and composer Hitoshi Sakimoto both returned from previous entries , along with Valkyria Chronicles II director Takeshi Ozawa . A large team of writers handled the script . The game 's opening theme was sung by May 'n . It met with positive sales in Japan , and was praised by both Japanese and western critics . After release , it received downl

--- sample ---
= Valkyria Chronicles III = Senj ⁇  no Valkyria 3 : Unrecorded Chronicles ( Japanese :  ⁇ 3 , lit . Valkyria of the Battlefield 3 ) , commonly referred to as Valkyria Chronicles III outside Japan , is a tactical role @-@ playing video game developed by Sega and Media.Vision for the PlayStation Portable . Released in January 2011 in Japan , it is the third game in the Valkyria series . Employing the same fusion of tactical and real @-@ time gameplay as its predecessors , the story runs parallel to the first game and follows the " Nameless " , a penal military unit serving the nation of Gallia during the Second Europan War who perform secret black operations and are pitted against the Imperial unit " Calamaty Raven " . The game began development in 2010 , carrying over a large portion of the work done on Valkyria Chronicles II . While it retained the standard features of the series , it also underwent multiple adjustments , such as making the game more forgiving for series newcomers . Character designer Raita Honjou and composer Hitoshi Sakimoto both returned from previous entries , along with Valkyria Chronicles II director Takeshi Ozawa . A large team of writers handled the script . The game 's opening theme was sung by May 'n . It met with positive sales in Japan , and was praised by both Japanese and western critics . After release , it received downl . . . . . . . . . . . . . . . . . . . . . . . . . . . . . . . . . . . . . . . . . . . . . . . . . . . . . . . . . . . . . . . . . . . . . . . . . . . . . . . .

artifacts=artifacts/training_runs/20260414_115037_round2-t023-lnpre-av075-as005-sin05-w32-t07-k8-wu3-lr00004/custom
tensorboard=artifacts/tensorboard/dim384_round2_top5_640/20260414_115037_round2-t023-lnpre-av075-as005-sin05-w32-t07-k8-wu3-lr00004/custom
[round2] rank=4 trial=13 value=3.359375 run_name=round2_t013_rmspre_av075_as005_sin05_w16_t13_k2_wu3_lr00002
using device: cuda
Warning: You are sending unauthenticated requests to the HF Hub. Please set a HF_TOKEN to enable higher rate limits and faster downloads.
corpus=hf_dataset=wikitext:train | chars=1,000,000 | samples=2,117 | files=0 | truncated=True
tokenizer=subword/bpe | tokenizer_vocab=1,024 | train_tokens=333,216 | val_tokens=37,024
tokenizer_model=/workspace/Jakal-Net/artifacts/tokenizers/wiki1m_subword1024_round1.model
session_dir=artifacts/training_runs/20260414_115740_round2-t013-rmspre-av075-as005-sin05-w16-t13-k2-wu3-lr00002
experiment=custom | params=37,897,398 | dim=384 | warmup=3 | stages=5/5/0 | refine=3 | route_topk=2
schedule_steps=640 | approx_epochs=0.002 | steps_per_epoch=332,704 | batch_size=1 | objective=last_token
progress | experiment=custom | step=    1/640   | epoch=0.000 |   0.2% | minibatch_loss=7.0000 | elapsed=2.0s
progress | experiment=custom | step=   80/640   | epoch=0.000 |  12.5% | minibatch_loss=7.7500 | elapsed=47.7s
progress | experiment=custom | step=  160/640   | epoch=0.000 |  25.0% | minibatch_loss=8.4375 | elapsed=93.6s
progress | experiment=custom | step=  240/640   | epoch=0.001 |  37.5% | minibatch_loss=8.5000 | elapsed=139.2s
progress | experiment=custom | step=  320/640   | epoch=0.001 |  50.0% | minibatch_loss=3.8750 | elapsed=185.0s
progress | experiment=custom | step=  400/640   | epoch=0.001 |  62.5% | minibatch_loss=6.2812 | elapsed=234.0s
progress | experiment=custom | step=  480/640   | epoch=0.001 |  75.0% | minibatch_loss=6.4375 | elapsed=280.2s
progress | experiment=custom | step=  560/640   | epoch=0.002 |  87.5% | minibatch_loss=4.1562 | elapsed=326.5s
progress | experiment=custom | step=  640/640   | epoch=0.002 | 100.0% | minibatch_loss=9.5000 | elapsed=372.5s
eval 01 | step=    1 | epoch=0.000 | train_loss=6.7734 | train_ppl=874.31 | val_loss=7.2656 | val_ppl=1430.28
eval 02 | step=   80 | epoch=0.000 | train_loss=7.1016 | train_ppl=1213.86 | val_loss=6.8555 | val_ppl=949.06
eval 03 | step=  160 | epoch=0.000 | train_loss=7.0234 | train_ppl=1122.64 | val_loss=7.9531 | val_ppl=2844.45
eval 04 | step=  240 | epoch=0.001 | train_loss=7.0859 | train_ppl=1195.04 | val_loss=7.1406 | val_ppl=1262.22
eval 05 | step=  320 | epoch=0.001 | train_loss=8.0234 | train_ppl=3051.65 | val_loss=8.9219 | val_ppl=7494.13
eval 06 | step=  400 | epoch=0.001 | train_loss=7.2734 | train_ppl=1441.50 | val_loss=6.8438 | val_ppl=938.00
eval 07 | step=  480 | epoch=0.001 | train_loss=8.7188 | train_ppl=6116.53 | val_loss=8.3047 | val_ppl=4042.78
eval 08 | step=  560 | epoch=0.002 | train_loss=6.6484 | train_ppl=771.58 | val_loss=7.5547 | val_ppl=1909.67
eval 09 | step=  640 | epoch=0.002 | train_loss=5.3320 | train_ppl=206.86 | val_loss=6.3125 | val_ppl=551.42

--- prompt ---
= Valkyria Chronicles III = Senj ⁇  no Valkyria 3 : Unrecorded Chronicles ( Japanese :  ⁇ 3 , lit . Valkyria of the Battlefield 3 ) , commonly referred to as Valkyria Chronicles III outside Japan , is a tactical role @-@ playing video game developed by Sega and Media.Vision for the PlayStation Portable . Released in January 2011 in Japan , it is the third game in the Valkyria series . Employing the same fusion of tactical and real @-@ time gameplay as its predecessors , the story runs parallel to the first game and follows the " Nameless " , a penal military unit serving the nation of Gallia during the Second Europan War who perform secret black operations and are pitted against the Imperial unit " Calamaty Raven " . The game began development in 2010 , carrying over a large portion of the work done on Valkyria Chronicles II . While it retained the standard features of the series , it also underwent multiple adjustments , such as making the game more forgiving for series newcomers . Character designer Raita Honjou and composer Hitoshi Sakimoto both returned from previous entries , along with Valkyria Chronicles II director Takeshi Ozawa . A large team of writers handled the script . The game 's opening theme was sung by May 'n . It met with positive sales in Japan , and was praised by both Japanese and western critics . After release , it received downl

--- sample ---
= Valkyria Chronicles III = Senj ⁇  no Valkyria 3 : Unrecorded Chronicles ( Japanese :  ⁇ 3 , lit . Valkyria of the Battlefield 3 ) , commonly referred to as Valkyria Chronicles III outside Japan , is a tactical role @-@ playing video game developed by Sega and Media.Vision for the PlayStation Portable . Released in January 2011 in Japan , it is the third game in the Valkyria series . Employing the same fusion of tactical and real @-@ time gameplay as its predecessors , the story runs parallel to the first game and follows the " Nameless " , a penal military unit serving the nation of Gallia during the Second Europan War who perform secret black operations and are pitted against the Imperial unit " Calamaty Raven " . The game began development in 2010 , carrying over a large portion of the work done on Valkyria Chronicles II . While it retained the standard features of the series , it also underwent multiple adjustments , such as making the game more forgiving for series newcomers . Character designer Raita Honjou and composer Hitoshi Sakimoto both returned from previous entries , along with Valkyria Chronicles II director Takeshi Ozawa . A large team of writers handled the script . The game 's opening theme was sung by May 'n . It met with positive sales in Japan , and was praised by both Japanese and western critics . After release , it received downl . . . . . . . . . . . . . . the . the the the the the theunununun the the the the theunununununununununununununun .un . . . . . .un .un .unununununununununununununununununununununun7

artifacts=artifacts/training_runs/20260414_115740_round2-t013-rmspre-av075-as005-sin05-w16-t13-k2-wu3-lr00002/custom
tensorboard=artifacts/tensorboard/dim384_round2_top5_640/20260414_115740_round2-t013-rmspre-av075-as005-sin05-w16-t13-k2-wu3-lr00002/custom
[round2] rank=5 trial=9 value=3.484375 run_name=round2_t009_lnpre_av10_as005_sin05_w32_t10_k2_wu2_lr00003
using device: cuda
corpus=hf_dataset=wikitext:train | chars=1,000,000 | samples=2,117 | files=0 | truncated=True
tokenizer=subword/bpe | tokenizer_vocab=1,024 | train_tokens=333,216 | val_tokens=37,024
tokenizer_model=/workspace/Jakal-Net/artifacts/tokenizers/wiki1m_subword1024_round1.model
session_dir=artifacts/training_runs/20260414_120457_round2-t009-lnpre-av10-as005-sin05-w32-t10-k2-wu2-lr00003
experiment=custom | params=37,909,686 | dim=384 | warmup=2 | stages=5/5/0 | refine=3 | route_topk=2
schedule_steps=640 | approx_epochs=0.002 | steps_per_epoch=332,704 | batch_size=1 | objective=last_token
progress | experiment=custom | step=    1/640   | epoch=0.000 |   0.2% | minibatch_loss=6.2188 | elapsed=2.0s
progress | experiment=custom | step=   80/640   | epoch=0.000 |  12.5% | minibatch_loss=7.9062 | elapsed=44.9s
progress | experiment=custom | step=  160/640   | epoch=0.000 |  25.0% | minibatch_loss=8.7500 | elapsed=88.4s
progress | experiment=custom | step=  240/640   | epoch=0.001 |  37.5% | minibatch_loss=9.1875 | elapsed=131.7s
progress | experiment=custom | step=  320/640   | epoch=0.001 |  50.0% | minibatch_loss=8.9375 | elapsed=174.9s
progress | experiment=custom | step=  400/640   | epoch=0.001 |  62.5% | minibatch_loss=9.1875 | elapsed=217.9s
progress | experiment=custom | step=  480/640   | epoch=0.001 |  75.0% | minibatch_loss=5.0625 | elapsed=261.2s
progress | experiment=custom | step=  560/640   | epoch=0.002 |  87.5% | minibatch_loss=5.5625 | elapsed=304.2s
progress | experiment=custom | step=  640/640   | epoch=0.002 | 100.0% | minibatch_loss=6.4688 | elapsed=347.3s
eval 01 | step=    1 | epoch=0.000 | train_loss=6.6172 | train_ppl=747.84 | val_loss=7.1172 | val_ppl=1232.98
eval 02 | step=   80 | epoch=0.000 | train_loss=7.8750 | train_ppl=2630.69 | val_loss=6.4766 | val_ppl=649.73
eval 03 | step=  160 | epoch=0.000 | train_loss=6.1562 | train_ppl=471.66 | val_loss=5.8047 | val_ppl=331.85
eval 04 | step=  240 | epoch=0.001 | train_loss=9.2500 | train_ppl=10404.57 | val_loss=6.9844 | val_ppl=1079.63
eval 05 | step=  320 | epoch=0.001 | train_loss=6.4141 | train_ppl=610.37 | val_loss=7.0469 | val_ppl=1149.26
eval 06 | step=  400 | epoch=0.001 | train_loss=5.8633 | train_ppl=351.88 | val_loss=6.1953 | val_ppl=490.44
eval 07 | step=  480 | epoch=0.001 | train_loss=6.0625 | train_ppl=429.45 | val_loss=8.6641 | val_ppl=5791.01
eval 08 | step=  560 | epoch=0.002 | train_loss=7.8828 | train_ppl=2651.32 | val_loss=6.0703 | val_ppl=432.82
eval 09 | step=  640 | epoch=0.002 | train_loss=7.2891 | train_ppl=1464.20 | val_loss=7.1562 | val_ppl=1282.09

--- prompt ---
= Valkyria Chronicles III = Senj ⁇  no Valkyria 3 : Unrecorded Chronicles ( Japanese :  ⁇ 3 , lit . Valkyria of the Battlefield 3 ) , commonly referred to as Valkyria Chronicles III outside Japan , is a tactical role @-@ playing video game developed by Sega and Media.Vision for the PlayStation Portable . Released in January 2011 in Japan , it is the third game in the Valkyria series . Employing the same fusion of tactical and real @-@ time gameplay as its predecessors , the story runs parallel to the first game and follows the " Nameless " , a penal military unit serving the nation of Gallia during the Second Europan War who perform secret black operations and are pitted against the Imperial unit " Calamaty Raven " . The game began development in 2010 , carrying over a large portion of the work done on Valkyria Chronicles II . While it retained the standard features of the series , it also underwent multiple adjustments , such as making the game more forgiving for series newcomers . Character designer Raita Honjou and composer Hitoshi Sakimoto both returned from previous entries , along with Valkyria Chronicles II director Takeshi Ozawa . A large team of writers handled the script . The game 's opening theme was sung by May 'n . It met with positive sales in Japan , and was praised by both Japanese and western critics . After release , it received downl

--- sample ---
= Valkyria Chronicles III = Senj ⁇  no Valkyria 3 : Unrecorded Chronicles ( Japanese :  ⁇ 3 , lit . Valkyria of the Battlefield 3 ) , commonly referred to as Valkyria Chronicles III outside Japan , is a tactical role @-@ playing video game developed by Sega and Media.Vision for the PlayStation Portable . Released in January 2011 in Japan , it is the third game in the Valkyria series . Employing the same fusion of tactical and real @-@ time gameplay as its predecessors , the story runs parallel to the first game and follows the " Nameless " , a penal military unit serving the nation of Gallia during the Second Europan War who perform secret black operations and are pitted against the Imperial unit " Calamaty Raven " . The game began development in 2010 , carrying over a large portion of the work done on Valkyria Chronicles II . While it retained the standard features of the series , it also underwent multiple adjustments , such as making the game more forgiving for series newcomers . Character designer Raita Honjou and composer Hitoshi Sakimoto both returned from previous entries , along with Valkyria Chronicles II director Takeshi Ozawa . A large team of writers handled the script . The game 's opening theme was sung by May 'n . It met with positive sales in Japan , and was praised by both Japanese and western critics . After release , it received downlarararararararararararararararararararararararararararararararararararararararararararararararararararararararararararararararararararararastastastastastastastastastastast

artifacts=artifacts/training_runs/20260414_120457_round2-t009-lnpre-av10-as005-sin05-w32-t10-k2-wu2-lr00003/custom
tensorboard=artifacts/tensorboard/dim384_round2_top5_640/20260414_120457_round2-t009-lnpre-av10-as005-sin05-w32-t10-k2-wu2-lr00003/custom
